#
# A fatal error has been detected by the Java Runtime Environment:
#
#  SIGSEGV (0xb) at pc=0x0000767b80948001, pid=137637, tid=137658
#
# JRE version: Java(TM) SE Runtime Environment (24.0.2+12) (build 24.0.2+12-54)
# Java VM: Java HotSpot(TM) 64-Bit Server VM (24.0.2+12-54, mixed mode, sharing, tiered, compressed oops, compressed class ptrs, g1 gc, linux-amd64)
# Problematic frame:
# C  0x0000767b80948001
#
# Core dump will be written. Default location: Core dumps may be processed with "/usr/lib/systemd/systemd-coredump %P %u %g %s %t 9223372036854775808 %h %d" (or dumping to /home/gabs/Documentos/trabalho_ed/Trabalho-SemestralED/core.137637)
#
# If you would like to submit a bug report, please visit:
#   https://bugreport.java.com/bugreport/crash.jsp
#

---------------  S U M M A R Y ------------

Command Line: -Dfile.encoding=UTF-8 -Dstdout.encoding=UTF-8 -Dstderr.encoding=UTF-8 -XX:+ShowCodeDetailsInExceptionMessages Main

Host: Intel(R) Core(TM) i3-3220 CPU @ 3.30GHz, 4 cores, 11G, Linux Mint 22.2 Zara
Time: Sat Nov 22 16:20:16 2025 -03 elapsed time: 9.105499 seconds (0d 0h 0m 9s)

---------------  T H R E A D  ---------------

Current thread (0x0000767b7c131e90):  JavaThread "C1 CompilerThread0" daemon [_thread_in_native, id=137658, stack(0x0000767b60f00000,0x0000767b61000000) (1024K)]


Current CompileTask:
C1:9105 1324       3       sun.awt.SunToolkit::getHeavyweightComponent (31 bytes)

Stack: [0x0000767b60f00000,0x0000767b61000000],  sp=0x0000767b60ffdcc0,  free space=1015k
Native frames: (J=compiled Java code, j=interpreted, Vv=VM code, C=native code)
C  0x0000767b80948001
V  [libjvm.so+0x53bb00]  non-virtual thunk to LIRGenerator::block_do(BlockBegin*)+0xe0
V  [libjvm.so+0x51f705]  BlockList::iterate_forward(BlockClosure*)+0x35
V  [libjvm.so+0x4f5779]  Compilation::emit_lir()+0x1f9
V  [libjvm.so+0x4f6251]  Compilation::compile_java_method()+0x141
V  [libjvm.so+0x4f650a]  Compilation::compile_method()+0xea
V  [libjvm.so+0x4f6843]  Compilation::Compilation(AbstractCompiler*, ciEnv*, ciMethod*, int, BufferBlob*, bool, DirectiveSet*)+0x1e3
V  [libjvm.so+0x4f75b6]  Compiler::compile_method(ciEnv*, ciMethod*, int, bool, DirectiveSet*)+0xb6
V  [libjvm.so+0x69048a]  CompileBroker::invoke_compiler_on_method(CompileTask*)+0xafa
V  [libjvm.so+0x693688]  CompileBroker::compiler_thread_loop()+0x518
V  [libjvm.so+0x94df28]  JavaThread::thread_main_inner() [clone .part.0]+0xb8
V  [libjvm.so+0xf338ef]  Thread::call_run()+0x9f
V  [libjvm.so+0xd43776]  thread_native_entry(Thread*)+0xd6
C  [libc.so.6+0x9caa4]

siginfo: si_signo: 11 (SIGSEGV), si_code: 2 (SEGV_ACCERR), si_addr: 0x0000767b80948001

Registers:
RAX=0x0000000000000000, RBX=0x0000767b60ffde10, RCX=0x0000000000000040, RDX=0x0000000000000001
RSP=0x0000767b60ffdcc0, RBP=0x0000767b60ffdd30, RSI=0x0000767ad850ef60, RDI=0x0000767b7c1300b0
R8 =0x0000000000000000, R9 =0x00000000ffffffff, R10=0x0000000000000000, R11=0x0000767ae4056998
R12=0x0000767ad850ecf8, R13=0x0000767ae40568b0, R14=0x0000767b60ffe130, R15=0x0000767ae4056940
RIP=0x0000767b80948001, EFLAGS=0x0000000000010206, CSGSFS=0x002b000000000033, ERR=0x0000000000000015
  TRAPNO=0x000000000000000e

XMM[0]=0x0000000000000000 0xffffffffffffffff
XMM[1]=0xffffffffffffffff 0xffffffffffffffff
XMM[2]=0x0000767b8382cb78 0x0000767b8382c9e8
XMM[3]=0x0000000000000000 0x0000767b8382cb78
XMM[4]=0x0000767ad850eab8 0x0000767ad850dfa0
XMM[5]=0x0000000000000000 0x0000000000000000
XMM[6]=0x65673a3a74696b6c 0x6f6f546e75532e74
XMM[7]=0x77612e6e75732020 0x2020202020332020
XMM[8]=0xbe8b0000760008d0 0x15e95d20c4834800
XMM[9]=0x0000000000000001 0x0000000000000001
XMM[10]=0xffffffffffffffff 0xffffffffffffffff
XMM[11]=0x0000000000000001 0x0000000000000001
XMM[12]=0x0000000000000001 0x0000000000000001
XMM[13]=0x0000000000000000 0x0000000000000000
XMM[14]=0x0000000000000000 0x0000000000000000
XMM[15]=0xcafebabecafebabe 0xcafebabecafebabe
  MXCSR=0x00001fa2


Register to memory mapping:

RAX=0x0 is null
RBX=0x0000767b60ffde10 is pointing into the stack for thread: 0x0000767b7c131e90
RCX=0x0000000000000040 is an unknown value
RDX=0x0000000000000001 is an unknown value
RSP=0x0000767b60ffdcc0 is pointing into the stack for thread: 0x0000767b7c131e90
RBP=0x0000767b60ffdd30 is pointing into the stack for thread: 0x0000767b7c131e90
RSI=0x0000767ad850ef60 points into unknown readable memory: 0x00000000ffffffff | ff ff ff ff 00 00 00 00
RDI=0x0000767b7c1300b0 points into unknown readable memory: 0x0000000767b70107 | 07 01 b7 67 07 00 00 00
R8 =0x0 is null
R9 =0x00000000ffffffff is an unknown value
R10=0x0 is null
R11=0x0000767ae4056998 points into unknown readable memory: 0x0000767ae403a8a8 | a8 a8 03 e4 7a 76 00 00
R12=0x0000767ad850ecf8 points into unknown readable memory: 0x0000000000000000 | 00 00 00 00 00 00 00 00
R13=0x0000767ae40568b0 points into unknown readable memory: 0x0000767b8382ad60 | 60 ad 82 83 7b 76 00 00
R14=0x0000767b60ffe130 is pointing into the stack for thread: 0x0000767b7c131e90
R15=0x0000767ae4056940 points into unknown readable memory: 0x0000767ae40397d8 | d8 97 03 e4 7a 76 00 00

Top of Stack: (sp=0x0000767b60ffdcc0)
0x0000767b60ffdcc0:   0000767b60ffdce0 0000767ad850eb80   ...`{v....P.zv..
0x0000767b60ffdcd0:   0000767b0000000c 000000000098501b   ....{v...P......
0x0000767b60ffdce0:   0000767ad850ec88 0000767ad850f320   ..P.zv.. .P.zv..
0x0000767b60ffdcf0:   0000767b60ffde10 0000767b831e82bd   ...`{v......{v..
0x0000767b60ffdd00:   0000767ad850ebf0 0000767ae40568b0   ..P.zv...h..zv..
0x0000767b60ffdd10:   0000767b60ffde18 0000767b60ffe130   ...`{v..0..`{v..
0x0000767b60ffdd20:   0000000000000000 0000767b60ffde10   ...........`{v..
0x0000767b60ffdd30:   0000767b60ffdd70 0000767b8293bb00   p..`{v......{v..
0x0000767b60ffdd40:   0000000000000000 0000000000000008   ................
0x0000767b60ffdd50:   0000767b60ffde18 00000000000000f0   ...`{v..........
0x0000767b60ffdd60:   0000767ae4057940 0000767b60ffe04f   @y..zv..O..`{v..
0x0000767b60ffdd70:   0000767b60ffdda0 0000767b8291f705   ...`{v......{v..
0x0000767b60ffdd80:   0000767b60ffe130 0000767b60ffddc0   0..`{v.....`{v..
0x0000767b60ffdd90:   0000767b8389a5c1 0000767b8389a5c1   ....{v......{v..
0x0000767b60ffdda0:   0000767b60ffdf20 0000767b828f5779    ..`{v..yW..{v..
0x0000767b60ffddb0:   0000767b8382c9e8 0000767b8382cb78   ....{v..x...{v..
0x0000767b60ffddc0:   0000767b83780000 0000000000000000   ..x.{v..........
0x0000767b60ffddd0:   0000000000000000 0000767b60ffde00   ...........`{v..
0x0000767b60ffdde0:   0000767ae4116a90 0000767b8349dbfe   .j..zv....I.{v..
0x0000767b60ffddf0:   0000000000000000 0000000000000000   ................
0x0000767b60ffde00:   000076000000000a 0000767b8291d8d5   .....v......{v..
0x0000767b60ffde10:   0000767b8382c9e8 0000767b8382cb78   ....{v..x...{v..
0x0000767b60ffde20:   0000767b60ffe130 0000767ad84873a8   0..`{v...sH.zv..
0x0000767b60ffde30:   0000000200000000 0000767ad850eb90   ..........P.zv..
0x0000767b60ffde40:   0000000000000000 0000000200000000   ................
0x0000767b60ffde50:   0000767ad850eba0 0000000000000000   ..P.zv..........
0x0000767b60ffde60:   0000000200000000 0000767ad850ebb0   ..........P.zv..
0x0000767b60ffde70:   0000000000000000 0000767ae4056448   ........Hd..zv..
0x0000767b60ffde80:   0000000000000264 0000000000000000   d...............
0x0000767b60ffde90:   0000000000000000 0000000000000003   ................
0x0000767b60ffdea0:   0000767ad850ebf0 0000000200000000   ..P.zv..........
0x0000767b60ffdeb0:   0000767ad850ebc0 0000000000000000   ..P.zv..........

Instructions: (pc=0x0000767b80948001)
  0x0000767b80947f01:   00 00 00 00 00 00 00 00 00 00 00 00 00 00 00 00
  0x0000767b80947f11:   00 00 00 00 00 00 00 00 00 00 00 00 00 00 00 00
  0x0000767b80947f21:   00 00 00 00 00 00 00 00 00 00 00 00 00 00 00 00
  0x0000767b80947f31:   00 00 00 00 00 00 00 00 00 00 00 00 00 00 00 00
  0x0000767b80947f41:   00 00 00 00 00 00 00 00 00 00 00 00 00 00 00 00
  0x0000767b80947f51:   00 00 00 00 00 00 00 00 00 00 00 00 00 00 00 00
  0x0000767b80947f61:   00 00 00 00 00 00 00 00 00 00 00 00 00 00 00 00
  0x0000767b80947f71:   00 00 00 00 00 00 00 00 00 00 00 00 00 00 00 00
  0x0000767b80947f81:   00 00 00 00 00 00 00 00 00 00 00 00 00 00 00 00
  0x0000767b80947f91:   00 00 00 00 00 00 00 00 00 00 00 00 00 00 00 00
  0x0000767b80947fa1:   00 00 00 00 00 00 00 00 00 00 00 00 00 00 00 00
  0x0000767b80947fb1:   00 00 00 00 00 00 00 00 00 00 00 00 00 00 00 00
  0x0000767b80947fc1:   00 00 00 00 00 00 00 00 00 00 00 00 00 00 00 00
  0x0000767b80947fd1:   00 00 00 00 00 00 00 00 00 00 00 00 00 00 00 00
  0x0000767b80947fe1:   00 00 00 00 00 00 00 00 00 00 00 00 00 00 00 00
  0x0000767b80947ff1:   00 00 00 00 00 00 00 00 00 00 00 00 00 00 00 00
=>0x0000767b80948001:   00 00 00 00 00 00 00 00 00 00 00 00 00 00 00 00
  0x0000767b80948011:   00 00 00 00 00 00 00 00 00 00 00 00 00 00 00 00
  0x0000767b80948021:   00 00 00 00 00 00 00 00 00 00 00 00 00 00 00 00
  0x0000767b80948031:   00 00 00 00 00 00 00 00 00 00 00 00 00 00 00 00
  0x0000767b80948041:   00 00 00 00 00 00 00 00 00 00 00 00 00 00 00 00
  0x0000767b80948051:   00 00 00 00 00 00 00 00 00 00 00 00 00 00 00 00
  0x0000767b80948061:   00 00 00 00 00 00 00 00 00 00 00 00 00 00 00 00
  0x0000767b80948071:   00 00 00 00 00 00 00 00 00 00 00 00 00 00 00 00
  0x0000767b80948081:   00 00 00 00 00 00 00 00 00 00 00 00 00 00 00 00
  0x0000767b80948091:   00 00 00 00 00 00 00 00 00 00 00 00 00 00 00 00
  0x0000767b809480a1:   00 00 00 00 00 00 00 00 00 00 00 00 00 00 00 00
  0x0000767b809480b1:   00 00 00 00 00 00 00 00 00 00 00 00 00 00 00 00
  0x0000767b809480c1:   00 00 00 00 00 00 00 00 00 00 00 00 00 00 00 00
  0x0000767b809480d1:   00 00 00 00 00 00 00 00 00 00 00 00 00 00 00 00
  0x0000767b809480e1:   00 00 00 00 00 00 00 00 00 00 00 00 00 00 00 00
  0x0000767b809480f1:   00 00 00 00 00 00 00 00 00 00 00 00 00 00 00 00


Stack slot to memory mapping:

stack at sp + 0 slots: 0x0000767b60ffdce0 is pointing into the stack for thread: 0x0000767b7c131e90
stack at sp + 1 slots: 0x0000767ad850eb80 points into unknown readable memory: 0x0000767ad850eb60 | 60 eb 50 d8 7a 76 00 00
stack at sp + 2 slots: 0x0000767b0000000c is an unknown value
stack at sp + 3 slots: 0x000000000098501b is an unknown value
stack at sp + 4 slots: 0x0000767ad850ec88 points into unknown readable memory: 0x0000767b837851c8 | c8 51 78 83 7b 76 00 00
stack at sp + 5 slots: 0x0000767ad850f320 points into unknown readable memory: 0x0101000101010101 | 01 01 01 01 01 00 01 01
stack at sp + 6 slots: 0x0000767b60ffde10 is pointing into the stack for thread: 0x0000767b7c131e90
stack at sp + 7 slots: 0x0000767b831e82bd: <offset 0x0000000000de82bd> in /usr/lib/jvm/jdk-24.0.2-oracle-x64/lib/server/libjvm.so at 0x0000767b82400000

Lock stack of current Java thread (top to bottom):


---------------  P R O C E S S  ---------------

Threads class SMR info:
_java_thread_list=0x0000767ac012ad10, length=15, elements={
0x0000767b7c128dc0, 0x0000767b7c12a500, 0x0000767b7c12bd40, 0x0000767b7c12d450,
0x0000767b7c12eac0, 0x0000767b7c1306b0, 0x0000767b7c131e90, 0x0000767b7c16e170,
0x0000767b7c170f90, 0x0000767b7c2ea5b0, 0x0000767b7c2ec130, 0x0000767b7c2edea0,
0x0000767b7c2ef1b0, 0x0000767b7c02a430, 0x0000767ac0129f40
}

Java Threads: ( => current thread )
  0x0000767b7c128dc0 JavaThread "Reference Handler"          daemon [_thread_blocked, id=137652, stack(0x0000767b803d1000,0x0000767b804d1000) (1024K)]
  0x0000767b7c12a500 JavaThread "Finalizer"                  daemon [_thread_blocked, id=137653, stack(0x0000767b802d1000,0x0000767b803d1000) (1024K)]
  0x0000767b7c12bd40 JavaThread "Signal Dispatcher"          daemon [_thread_blocked, id=137654, stack(0x0000767b801d1000,0x0000767b802d1000) (1024K)]
  0x0000767b7c12d450 JavaThread "Service Thread"             daemon [_thread_blocked, id=137655, stack(0x0000767b800d1000,0x0000767b801d1000) (1024K)]
  0x0000767b7c12eac0 JavaThread "Monitor Deflation Thread"   daemon [_thread_blocked, id=137656, stack(0x0000767b7bf00000,0x0000767b7c000000) (1024K)]
  0x0000767b7c1306b0 JavaThread "C2 CompilerThread0"         daemon [_thread_blocked, id=137657, stack(0x0000767b61668000,0x0000767b61768000) (1024K)]
=>0x0000767b7c131e90 JavaThread "C1 CompilerThread0"         daemon [_thread_in_native, id=137658, stack(0x0000767b60f00000,0x0000767b61000000) (1024K)]
  0x0000767b7c16e170 JavaThread "Notification Thread"        daemon [_thread_blocked, id=137659, stack(0x0000767b60e00000,0x0000767b60f00000) (1024K)]
  0x0000767b7c170f90 JavaThread "Common-Cleaner"             daemon [_thread_blocked, id=137660, stack(0x0000767b60d00000,0x0000767b60e00000) (1024K)]
  0x0000767b7c2ea5b0 JavaThread "Java2D Disposer"            daemon [_thread_blocked, id=137661, stack(0x0000767b606ce000,0x0000767b607ce000) (1024K)]
  0x0000767b7c2ec130 JavaThread "AWT-XAWT"                   daemon [_thread_blocked, id=137662, stack(0x0000767b605ce000,0x0000767b606ce000) (1024K)]
  0x0000767b7c2edea0 JavaThread "AWT-Shutdown"                      [_thread_blocked, id=137663, stack(0x0000767b604ce000,0x0000767b605ce000) (1024K)]
  0x0000767b7c2ef1b0 JavaThread "AWT-EventQueue-0"                  [_thread_in_vm, id=137664, stack(0x0000767b603ce000,0x0000767b604ce000) (1024K)]
  0x0000767b7c02a430 JavaThread "DestroyJavaVM"                     [_thread_blocked, id=137642, stack(0x0000767b82300000,0x0000767b82400000) (1024K)]
  0x0000767ac0129f40 JavaThread "TimerQueue"                 daemon [_thread_blocked, id=137666, stack(0x0000767b602ce000,0x0000767b603ce000) (1024K)]
Total: 15

Other Threads:
  0x0000767b7c120d70 VMThread "VM Thread"                           [id=137651, stack(0x0000767b806f0000,0x0000767b807f0000) (1024K)]
  0x0000767b7c1139f0 WatcherThread "VM Periodic Task Thread"        [id=137650, stack(0x0000767b805ef000,0x0000767b806ef000) (1024K)]
  0x0000767b7c080910 WorkerThread "GC Thread#0"                     [id=137643, stack(0x0000767b8102b000,0x0000767b8112b000) (1024K)]
  0x0000767b7c090850 ConcurrentGCThread "G1 Main Marker"            [id=137644, stack(0x0000767b80f2a000,0x0000767b8102a000) (1024K)]
  0x0000767b7c091800 WorkerThread "G1 Conc#0"                       [id=137645, stack(0x0000767b80e29000,0x0000767b80f29000) (1024K)]
  0x0000767b7c0f8d80 ConcurrentGCThread "G1 Refine#0"               [id=137646, stack(0x0000767b80924000,0x0000767b80a24000) (1024K)]
  0x0000767b7c0f9d40 ConcurrentGCThread "G1 Service"                [id=137647, stack(0x0000767b80823000,0x0000767b80923000) (1024K)]
Total: 7

Threads with active compile tasks:
C1 CompilerThread0  9141 1324       3       sun.awt.SunToolkit::getHeavyweightComponent (31 bytes)
Total: 1

VM state: not at safepoint (normal execution)

VM Mutex/Monitor currently owned by a thread:  ([mutex/lock_event])
[0x0000767b838cbd18] MethodCompileQueue_lock - owner thread: 0x0000767b7c2ef1b0

Heap address: 0x0000000745a00000, size: 2982 MB, Compressed Oops mode: Zero based, Oop shift amount: 3

CDS archive(s) mapped at: [0x0000767b02000000-0x0000767b02d1c000-0x0000767b02d1c000), size 13746176, SharedBaseAddress: 0x0000767b02000000, ArchiveRelocationMode: 1.
Compressed class space mapped at: 0x0000767b03000000-0x0000767b43000000, reserved size: 1073741824
UseCompressedClassPointers 1, UseCompactObjectHeaders 0
Narrow klass pointer bits 32, Max shift 3
Narrow klass base: 0x0000767b02000000, Narrow klass shift: 0
Encoding Range: [0x0000767b02000000 - 0x0000767c02000000), (4294967296 bytes)
Klass Range:    [0x0000767b02000000 - 0x0000767b43000000), (1090519040 bytes)
Klass ID Range:  [8 - 1090519033) (1090519025)

GC Precious Log:
 CardTable entry size: 512
 Card Set container configuration: InlinePtr #cards 4 size 8 Array Of Cards #cards 16 size 48 Howl #buckets 8 coarsen threshold 3686 Howl Bitmap #cards 512 size 80 coarsen threshold 460 Card regions per heap region 1 cards per card region 4096
 CPUs: 4 total, 4 available
 Memory: 11927M
 Large Page Support: Disabled
 NUMA Support: Disabled
 Compressed Oops: Enabled (Zero based)
 Heap Region Size: 2M
 Heap Min Capacity: 8M
 Heap Initial Capacity: 188M
 Heap Max Capacity: 2982M
 Pre-touch: Disabled
 Parallel Workers: 4
 Concurrent Workers: 1
 Concurrent Refinement Workers: 4
 Periodic GC: Disabled

Heap:
 garbage-first heap   total reserved 3053568K, committed 194560K, used 13415K [0x0000000745a00000, 0x0000000800000000)
  region size 2048K, 7 young (14336K), 0 survivors (0K)
 Metaspace       used 10776K, committed 11008K, reserved 1114112K
  class space    used 900K, committed 960K, reserved 1048576K

Heap Regions: E=young(eden), S=young(survivor), O=old, HS=humongous(starts), HC=humongous(continues), CS=collection set, F=free, TAMS=top-at-mark-start, PB=parsable bottom
|   0|0x0000000745a00000, 0x0000000745a00000, 0x0000000745c00000|  0%| F|  |TAMS 0x0000000745a00000| PB 0x0000000745a00000| Untracked |  0
|   1|0x0000000745c00000, 0x0000000745c00000, 0x0000000745e00000|  0%| F|  |TAMS 0x0000000745c00000| PB 0x0000000745c00000| Untracked |  0
|   2|0x0000000745e00000, 0x0000000745e00000, 0x0000000746000000|  0%| F|  |TAMS 0x0000000745e00000| PB 0x0000000745e00000| Untracked |  0
|   3|0x0000000746000000, 0x0000000746000000, 0x0000000746200000|  0%| F|  |TAMS 0x0000000746000000| PB 0x0000000746000000| Untracked |  0
|   4|0x0000000746200000, 0x0000000746200000, 0x0000000746400000|  0%| F|  |TAMS 0x0000000746200000| PB 0x0000000746200000| Untracked |  0
|   5|0x0000000746400000, 0x0000000746400000, 0x0000000746600000|  0%| F|  |TAMS 0x0000000746400000| PB 0x0000000746400000| Untracked |  0
|   6|0x0000000746600000, 0x0000000746600000, 0x0000000746800000|  0%| F|  |TAMS 0x0000000746600000| PB 0x0000000746600000| Untracked |  0
|   7|0x0000000746800000, 0x0000000746800000, 0x0000000746a00000|  0%| F|  |TAMS 0x0000000746800000| PB 0x0000000746800000| Untracked |  0
|   8|0x0000000746a00000, 0x0000000746a00000, 0x0000000746c00000|  0%| F|  |TAMS 0x0000000746a00000| PB 0x0000000746a00000| Untracked |  0
|   9|0x0000000746c00000, 0x0000000746c00000, 0x0000000746e00000|  0%| F|  |TAMS 0x0000000746c00000| PB 0x0000000746c00000| Untracked |  0
|  10|0x0000000746e00000, 0x0000000746e00000, 0x0000000747000000|  0%| F|  |TAMS 0x0000000746e00000| PB 0x0000000746e00000| Untracked |  0
|  11|0x0000000747000000, 0x0000000747000000, 0x0000000747200000|  0%| F|  |TAMS 0x0000000747000000| PB 0x0000000747000000| Untracked |  0
|  12|0x0000000747200000, 0x0000000747200000, 0x0000000747400000|  0%| F|  |TAMS 0x0000000747200000| PB 0x0000000747200000| Untracked |  0
|  13|0x0000000747400000, 0x0000000747400000, 0x0000000747600000|  0%| F|  |TAMS 0x0000000747400000| PB 0x0000000747400000| Untracked |  0
|  14|0x0000000747600000, 0x0000000747600000, 0x0000000747800000|  0%| F|  |TAMS 0x0000000747600000| PB 0x0000000747600000| Untracked |  0
|  15|0x0000000747800000, 0x0000000747800000, 0x0000000747a00000|  0%| F|  |TAMS 0x0000000747800000| PB 0x0000000747800000| Untracked |  0
|  16|0x0000000747a00000, 0x0000000747a00000, 0x0000000747c00000|  0%| F|  |TAMS 0x0000000747a00000| PB 0x0000000747a00000| Untracked |  0
|  17|0x0000000747c00000, 0x0000000747c00000, 0x0000000747e00000|  0%| F|  |TAMS 0x0000000747c00000| PB 0x0000000747c00000| Untracked |  0
|  18|0x0000000747e00000, 0x0000000747e00000, 0x0000000748000000|  0%| F|  |TAMS 0x0000000747e00000| PB 0x0000000747e00000| Untracked |  0
|  19|0x0000000748000000, 0x0000000748000000, 0x0000000748200000|  0%| F|  |TAMS 0x0000000748000000| PB 0x0000000748000000| Untracked |  0
|  20|0x0000000748200000, 0x0000000748200000, 0x0000000748400000|  0%| F|  |TAMS 0x0000000748200000| PB 0x0000000748200000| Untracked |  0
|  21|0x0000000748400000, 0x0000000748400000, 0x0000000748600000|  0%| F|  |TAMS 0x0000000748400000| PB 0x0000000748400000| Untracked |  0
|  22|0x0000000748600000, 0x0000000748600000, 0x0000000748800000|  0%| F|  |TAMS 0x0000000748600000| PB 0x0000000748600000| Untracked |  0
|  23|0x0000000748800000, 0x0000000748800000, 0x0000000748a00000|  0%| F|  |TAMS 0x0000000748800000| PB 0x0000000748800000| Untracked |  0
|  24|0x0000000748a00000, 0x0000000748a00000, 0x0000000748c00000|  0%| F|  |TAMS 0x0000000748a00000| PB 0x0000000748a00000| Untracked |  0
|  25|0x0000000748c00000, 0x0000000748c00000, 0x0000000748e00000|  0%| F|  |TAMS 0x0000000748c00000| PB 0x0000000748c00000| Untracked |  0
|  26|0x0000000748e00000, 0x0000000748e00000, 0x0000000749000000|  0%| F|  |TAMS 0x0000000748e00000| PB 0x0000000748e00000| Untracked |  0
|  27|0x0000000749000000, 0x0000000749000000, 0x0000000749200000|  0%| F|  |TAMS 0x0000000749000000| PB 0x0000000749000000| Untracked |  0
|  28|0x0000000749200000, 0x0000000749200000, 0x0000000749400000|  0%| F|  |TAMS 0x0000000749200000| PB 0x0000000749200000| Untracked |  0
|  29|0x0000000749400000, 0x0000000749400000, 0x0000000749600000|  0%| F|  |TAMS 0x0000000749400000| PB 0x0000000749400000| Untracked |  0
|  30|0x0000000749600000, 0x0000000749600000, 0x0000000749800000|  0%| F|  |TAMS 0x0000000749600000| PB 0x0000000749600000| Untracked |  0
|  31|0x0000000749800000, 0x0000000749800000, 0x0000000749a00000|  0%| F|  |TAMS 0x0000000749800000| PB 0x0000000749800000| Untracked |  0
|  32|0x0000000749a00000, 0x0000000749a00000, 0x0000000749c00000|  0%| F|  |TAMS 0x0000000749a00000| PB 0x0000000749a00000| Untracked |  0
|  33|0x0000000749c00000, 0x0000000749c00000, 0x0000000749e00000|  0%| F|  |TAMS 0x0000000749c00000| PB 0x0000000749c00000| Untracked |  0
|  34|0x0000000749e00000, 0x0000000749e00000, 0x000000074a000000|  0%| F|  |TAMS 0x0000000749e00000| PB 0x0000000749e00000| Untracked |  0
|  35|0x000000074a000000, 0x000000074a000000, 0x000000074a200000|  0%| F|  |TAMS 0x000000074a000000| PB 0x000000074a000000| Untracked |  0
|  36|0x000000074a200000, 0x000000074a200000, 0x000000074a400000|  0%| F|  |TAMS 0x000000074a200000| PB 0x000000074a200000| Untracked |  0
|  37|0x000000074a400000, 0x000000074a400000, 0x000000074a600000|  0%| F|  |TAMS 0x000000074a400000| PB 0x000000074a400000| Untracked |  0
|  38|0x000000074a600000, 0x000000074a600000, 0x000000074a800000|  0%| F|  |TAMS 0x000000074a600000| PB 0x000000074a600000| Untracked |  0
|  39|0x000000074a800000, 0x000000074a800000, 0x000000074aa00000|  0%| F|  |TAMS 0x000000074a800000| PB 0x000000074a800000| Untracked |  0
|  40|0x000000074aa00000, 0x000000074aa00000, 0x000000074ac00000|  0%| F|  |TAMS 0x000000074aa00000| PB 0x000000074aa00000| Untracked |  0
|  41|0x000000074ac00000, 0x000000074ac00000, 0x000000074ae00000|  0%| F|  |TAMS 0x000000074ac00000| PB 0x000000074ac00000| Untracked |  0
|  42|0x000000074ae00000, 0x000000074ae00000, 0x000000074b000000|  0%| F|  |TAMS 0x000000074ae00000| PB 0x000000074ae00000| Untracked |  0
|  43|0x000000074b000000, 0x000000074b000000, 0x000000074b200000|  0%| F|  |TAMS 0x000000074b000000| PB 0x000000074b000000| Untracked |  0
|  44|0x000000074b200000, 0x000000074b200000, 0x000000074b400000|  0%| F|  |TAMS 0x000000074b200000| PB 0x000000074b200000| Untracked |  0
|  45|0x000000074b400000, 0x000000074b400000, 0x000000074b600000|  0%| F|  |TAMS 0x000000074b400000| PB 0x000000074b400000| Untracked |  0
|  46|0x000000074b600000, 0x000000074b600000, 0x000000074b800000|  0%| F|  |TAMS 0x000000074b600000| PB 0x000000074b600000| Untracked |  0
|  47|0x000000074b800000, 0x000000074b800000, 0x000000074ba00000|  0%| F|  |TAMS 0x000000074b800000| PB 0x000000074b800000| Untracked |  0
|  48|0x000000074ba00000, 0x000000074ba00000, 0x000000074bc00000|  0%| F|  |TAMS 0x000000074ba00000| PB 0x000000074ba00000| Untracked |  0
|  49|0x000000074bc00000, 0x000000074bc00000, 0x000000074be00000|  0%| F|  |TAMS 0x000000074bc00000| PB 0x000000074bc00000| Untracked |  0
|  50|0x000000074be00000, 0x000000074be00000, 0x000000074c000000|  0%| F|  |TAMS 0x000000074be00000| PB 0x000000074be00000| Untracked |  0
|  51|0x000000074c000000, 0x000000074c000000, 0x000000074c200000|  0%| F|  |TAMS 0x000000074c000000| PB 0x000000074c000000| Untracked |  0
|  52|0x000000074c200000, 0x000000074c200000, 0x000000074c400000|  0%| F|  |TAMS 0x000000074c200000| PB 0x000000074c200000| Untracked |  0
|  53|0x000000074c400000, 0x000000074c400000, 0x000000074c600000|  0%| F|  |TAMS 0x000000074c400000| PB 0x000000074c400000| Untracked |  0
|  54|0x000000074c600000, 0x000000074c600000, 0x000000074c800000|  0%| F|  |TAMS 0x000000074c600000| PB 0x000000074c600000| Untracked |  0
|  55|0x000000074c800000, 0x000000074c800000, 0x000000074ca00000|  0%| F|  |TAMS 0x000000074c800000| PB 0x000000074c800000| Untracked |  0
|  56|0x000000074ca00000, 0x000000074ca00000, 0x000000074cc00000|  0%| F|  |TAMS 0x000000074ca00000| PB 0x000000074ca00000| Untracked |  0
|  57|0x000000074cc00000, 0x000000074cc00000, 0x000000074ce00000|  0%| F|  |TAMS 0x000000074cc00000| PB 0x000000074cc00000| Untracked |  0
|  58|0x000000074ce00000, 0x000000074ce00000, 0x000000074d000000|  0%| F|  |TAMS 0x000000074ce00000| PB 0x000000074ce00000| Untracked |  0
|  59|0x000000074d000000, 0x000000074d000000, 0x000000074d200000|  0%| F|  |TAMS 0x000000074d000000| PB 0x000000074d000000| Untracked |  0
|  60|0x000000074d200000, 0x000000074d200000, 0x000000074d400000|  0%| F|  |TAMS 0x000000074d200000| PB 0x000000074d200000| Untracked |  0
|  61|0x000000074d400000, 0x000000074d400000, 0x000000074d600000|  0%| F|  |TAMS 0x000000074d400000| PB 0x000000074d400000| Untracked |  0
|  62|0x000000074d600000, 0x000000074d600000, 0x000000074d800000|  0%| F|  |TAMS 0x000000074d600000| PB 0x000000074d600000| Untracked |  0
|  63|0x000000074d800000, 0x000000074d800000, 0x000000074da00000|  0%| F|  |TAMS 0x000000074d800000| PB 0x000000074d800000| Untracked |  0
|  64|0x000000074da00000, 0x000000074da00000, 0x000000074dc00000|  0%| F|  |TAMS 0x000000074da00000| PB 0x000000074da00000| Untracked |  0
|  65|0x000000074dc00000, 0x000000074dc00000, 0x000000074de00000|  0%| F|  |TAMS 0x000000074dc00000| PB 0x000000074dc00000| Untracked |  0
|  66|0x000000074de00000, 0x000000074de00000, 0x000000074e000000|  0%| F|  |TAMS 0x000000074de00000| PB 0x000000074de00000| Untracked |  0
|  67|0x000000074e000000, 0x000000074e000000, 0x000000074e200000|  0%| F|  |TAMS 0x000000074e000000| PB 0x000000074e000000| Untracked |  0
|  68|0x000000074e200000, 0x000000074e200000, 0x000000074e400000|  0%| F|  |TAMS 0x000000074e200000| PB 0x000000074e200000| Untracked |  0
|  69|0x000000074e400000, 0x000000074e400000, 0x000000074e600000|  0%| F|  |TAMS 0x000000074e400000| PB 0x000000074e400000| Untracked |  0
|  70|0x000000074e600000, 0x000000074e600000, 0x000000074e800000|  0%| F|  |TAMS 0x000000074e600000| PB 0x000000074e600000| Untracked |  0
|  71|0x000000074e800000, 0x000000074e800000, 0x000000074ea00000|  0%| F|  |TAMS 0x000000074e800000| PB 0x000000074e800000| Untracked |  0
|  72|0x000000074ea00000, 0x000000074ea00000, 0x000000074ec00000|  0%| F|  |TAMS 0x000000074ea00000| PB 0x000000074ea00000| Untracked |  0
|  73|0x000000074ec00000, 0x000000074ec00000, 0x000000074ee00000|  0%| F|  |TAMS 0x000000074ec00000| PB 0x000000074ec00000| Untracked |  0
|  74|0x000000074ee00000, 0x000000074ee00000, 0x000000074f000000|  0%| F|  |TAMS 0x000000074ee00000| PB 0x000000074ee00000| Untracked |  0
|  75|0x000000074f000000, 0x000000074f000000, 0x000000074f200000|  0%| F|  |TAMS 0x000000074f000000| PB 0x000000074f000000| Untracked |  0
|  76|0x000000074f200000, 0x000000074f200000, 0x000000074f400000|  0%| F|  |TAMS 0x000000074f200000| PB 0x000000074f200000| Untracked |  0
|  77|0x000000074f400000, 0x000000074f400000, 0x000000074f600000|  0%| F|  |TAMS 0x000000074f400000| PB 0x000000074f400000| Untracked |  0
|  78|0x000000074f600000, 0x000000074f600000, 0x000000074f800000|  0%| F|  |TAMS 0x000000074f600000| PB 0x000000074f600000| Untracked |  0
|  79|0x000000074f800000, 0x000000074f800000, 0x000000074fa00000|  0%| F|  |TAMS 0x000000074f800000| PB 0x000000074f800000| Untracked |  0
|  80|0x000000074fa00000, 0x000000074fa00000, 0x000000074fc00000|  0%| F|  |TAMS 0x000000074fa00000| PB 0x000000074fa00000| Untracked |  0
|  81|0x000000074fc00000, 0x000000074fc00000, 0x000000074fe00000|  0%| F|  |TAMS 0x000000074fc00000| PB 0x000000074fc00000| Untracked |  0
|  82|0x000000074fe00000, 0x000000074fe00000, 0x0000000750000000|  0%| F|  |TAMS 0x000000074fe00000| PB 0x000000074fe00000| Untracked |  0
|  83|0x0000000750000000, 0x0000000750000000, 0x0000000750200000|  0%| F|  |TAMS 0x0000000750000000| PB 0x0000000750000000| Untracked |  0
|  84|0x0000000750200000, 0x0000000750200000, 0x0000000750400000|  0%| F|  |TAMS 0x0000000750200000| PB 0x0000000750200000| Untracked |  0
|  85|0x0000000750400000, 0x0000000750400000, 0x0000000750600000|  0%| F|  |TAMS 0x0000000750400000| PB 0x0000000750400000| Untracked |  0
|  86|0x0000000750600000, 0x0000000750600000, 0x0000000750800000|  0%| F|  |TAMS 0x0000000750600000| PB 0x0000000750600000| Untracked |  0
|  87|0x0000000750800000, 0x00000007509ae278, 0x0000000750a00000| 84%| E|  |TAMS 0x0000000750800000| PB 0x0000000750800000| Complete |  0
|  88|0x0000000750a00000, 0x0000000750c00000, 0x0000000750c00000|100%| E|CS|TAMS 0x0000000750a00000| PB 0x0000000750a00000| Complete |  0
|  89|0x0000000750c00000, 0x0000000750e00000, 0x0000000750e00000|100%| E|CS|TAMS 0x0000000750c00000| PB 0x0000000750c00000| Complete |  0
|  90|0x0000000750e00000, 0x0000000751000000, 0x0000000751000000|100%| E|CS|TAMS 0x0000000750e00000| PB 0x0000000750e00000| Complete |  0
|  91|0x0000000751000000, 0x0000000751200000, 0x0000000751200000|100%| E|CS|TAMS 0x0000000751000000| PB 0x0000000751000000| Complete |  0
|  92|0x0000000751200000, 0x0000000751400000, 0x0000000751400000|100%| E|CS|TAMS 0x0000000751200000| PB 0x0000000751200000| Complete |  0
|  93|0x0000000751400000, 0x0000000751600000, 0x0000000751600000|100%| E|CS|TAMS 0x0000000751400000| PB 0x0000000751400000| Complete |  0
|1490|0x00000007ffe00000, 0x00000007fff19f68, 0x0000000800000000| 55%| O|  |TAMS 0x00000007ffe00000| PB 0x00000007ffe00000| Untracked |  0

Card table byte_map: [0x0000767b8115d000,0x0000767b81730000] _byte_map_base: 0x0000767b7d730000

Marking Bits: (CMBitMap*) 0x0000767b7c081440
 Bits: [0x0000767b61768000, 0x0000767b64600000)

Polling page: 0x0000767b83c99000

Metaspace:

Usage:
  Non-class:      9,64 MB used.
      Class:    900,67 KB used.
       Both:     10,52 MB used.

Virtual space:
  Non-class space:       64,00 MB reserved,       9,81 MB ( 15%) committed,  1 nodes.
      Class space:        1,00 GB reserved,     960,00 KB ( <1%) committed,  1 nodes.
             Both:        1,06 GB reserved,      10,75 MB ( <1%) committed. 

Chunk freelists:
   Non-Class:  6,17 MB
       Class:  15,07 MB
        Both:  21,24 MB

MaxMetaspaceSize: unlimited
CompressedClassSpaceSize: 1,00 GB
Initial GC threshold: 21,00 MB
Current GC threshold: 21,00 MB
CDS: on
 - commit_granule_bytes: 65536.
 - commit_granule_words: 8192.
 - virtual_space_node_default_size: 8388608.
 - enlarge_chunks_in_place: 1.
UseCompressedClassPointers 1, UseCompactObjectHeaders 0
Narrow klass pointer bits 32, Max shift 3
Narrow klass base: 0x0000767b02000000, Narrow klass shift: 0
Encoding Range: [0x0000767b02000000 - 0x0000767c02000000), (4294967296 bytes)
Klass Range:    [0x0000767b02000000 - 0x0000767b43000000), (1090519040 bytes)
Klass ID Range:  [8 - 1090519033) (1090519025)


Internal statistics:

num_allocs_failed_limit: 0.
num_arena_births: 164.
num_arena_deaths: 0.
num_vsnodes_births: 2.
num_vsnodes_deaths: 0.
num_space_committed: 172.
num_space_uncommitted: 0.
num_chunks_returned_to_freelist: 0.
num_chunks_taken_from_freelist: 210.
num_chunk_merges: 0.
num_chunk_splits: 133.
num_chunks_enlarged: 72.
num_inconsistent_stats: 0.

CodeHeap 'non-profiled nmethods': size=120036Kb used=349Kb max_used=349Kb free=119686Kb
 bounds [0x0000767b6c0c7000, 0x0000767b6c337000, 0x0000767b73600000]
CodeHeap 'profiled nmethods': size=120028Kb used=2282Kb max_used=2282Kb free=117745Kb
 bounds [0x0000767b64600000, 0x0000767b64870000, 0x0000767b6bb37000]
CodeHeap 'non-nmethods': size=5696Kb used=1638Kb max_used=1665Kb free=4057Kb
 bounds [0x0000767b6bb37000, 0x0000767b6bda7000, 0x0000767b6c0c7000]
CodeCache: size=245760Kb, used=4269Kb, max_used=4296Kb, free=241488Kb
 total_blobs=2041, nmethods=1324, adapters=624, full_count=0
Compilation: enabled, stopped_count=0, restarted_count=0

Compilation events (20 events):
Event: 9,034 Thread 0x0000767b7c131e90 nmethod 1315 0x0000767b64830608 code [0x0000767b648307c0, 0x0000767b64831370]
Event: 9,034 Thread 0x0000767b7c131e90 1314  s    3       sun.awt.im.InputContext::getInputMethod (34 bytes)
Event: 9,034 Thread 0x0000767b7c131e90 nmethod 1314 0x0000767b64831388 code [0x0000767b648314c0, 0x0000767b64831950]
Event: 9,040 Thread 0x0000767b7c131e90 1316       3       java.awt.LightweightDispatcher::processMouseEvent (268 bytes)
Event: 9,044 Thread 0x0000767b7c131e90 nmethod 1316 0x0000767b64831988 code [0x0000767b64831c40, 0x0000767b648333e8]
Event: 9,044 Thread 0x0000767b7c131e90 1317       3       java.awt.Component::updateCursorImmediately (55 bytes)
Event: 9,045 Thread 0x0000767b7c131e90 nmethod 1317 0x0000767b64833508 code [0x0000767b648336a0, 0x0000767b64833f60]
Event: 9,049 Thread 0x0000767b7c131e90 1318   !   3       java.util.concurrent.locks.AbstractQueuedSynchronizer$ConditionObject::await (180 bytes)
Event: 9,050 Thread 0x0000767b7c131e90 nmethod 1318 0x0000767b64833f88 code [0x0000767b64834280, 0x0000767b64835948]
Event: 9,079 Thread 0x0000767b7c131e90 1319       3       javax.swing.JComponent::repaint (19 bytes)
Event: 9,080 Thread 0x0000767b7c131e90 nmethod 1319 0x0000767b64835a08 code [0x0000767b64835b80, 0x0000767b648361b8]
Event: 9,080 Thread 0x0000767b7c131e90 1320       3       javax.swing.RepaintManager::addDirtyRegion (37 bytes)
Event: 9,081 Thread 0x0000767b7c131e90 nmethod 1320 0x0000767b64836208 code [0x0000767b64836360, 0x0000767b64836660]
Event: 9,081 Thread 0x0000767b7c131e90 1321       3       sun.font.StrikeCache::getGlyphHeight (23 bytes)
Event: 9,085 Thread 0x0000767b7c131e90 nmethod 1321 0x0000767b64836688 code [0x0000767b64836a80, 0x0000767b648397b8]
Event: 9,085 Thread 0x0000767b7c131e90 1322       3       sun.java2d.xr.XRRenderer::validateSurface (43 bytes)
Event: 9,085 Thread 0x0000767b7c131e90 nmethod 1322 0x0000767b64839a08 code [0x0000767b64839c00, 0x0000767b6483a7d0]
Event: 9,085 Thread 0x0000767b7c131e90 1323       1       java.awt.AlphaComposite::getRule (5 bytes)
Event: 9,085 Thread 0x0000767b7c131e90 nmethod 1323 0x0000767b6c11dd88 code [0x0000767b6c11de80, 0x0000767b6c11df40]
Event: 9,102 Thread 0x0000767b7c131e90 1324       3       sun.awt.SunToolkit::getHeavyweightComponent (31 bytes)

GC Heap History (0 events):
No events

Dll operation events (9 events):
Event: 0,008 Loaded shared library /usr/lib/jvm/jdk-24.0.2-oracle-x64/lib/libjava.so
Event: 0,146 Loaded shared library /usr/lib/jvm/jdk-24.0.2-oracle-x64/lib/libjsvml.so
Event: 0,182 Loaded shared library /usr/lib/jvm/jdk-24.0.2-oracle-x64/lib/libnio.so
Event: 0,183 Loaded shared library /usr/lib/jvm/jdk-24.0.2-oracle-x64/lib/libjimage.so
Event: 0,189 Loaded shared library /usr/lib/jvm/jdk-24.0.2-oracle-x64/lib/libawt.so
Event: 0,196 Loaded shared library /usr/lib/jvm/jdk-24.0.2-oracle-x64/lib/libawt_xawt.so
Event: 0,236 Loaded shared library /usr/lib/jvm/jdk-24.0.2-oracle-x64/lib/libzip.so
Event: 0,286 Loaded shared library /usr/lib/jvm/jdk-24.0.2-oracle-x64/lib/libfontmanager.so
Event: 0,738 Loaded shared library /usr/lib/jvm/jdk-24.0.2-oracle-x64/lib/libnet.so

Deoptimization events (20 events):
Event: 0,736 Thread 0x0000767b7c2ef1b0 Uncommon trap: trap_request=0xffffff4d fr.pc=0x0000767b6c0f2320 relative=0x00000000000004e0
Event: 0,736 Thread 0x0000767b7c2ef1b0 Uncommon trap: reason=unstable_if action=reinterpret pc=0x0000767b6c0f2320 method=java.lang.StringLatin1.replace([BCC)Ljava/lang/String; @ 19 c2
Event: 0,736 Thread 0x0000767b7c2ef1b0 DEOPT PACKING pc=0x0000767b6c0f2320 sp=0x0000767b604cb660
Event: 0,736 Thread 0x0000767b7c2ef1b0 DEOPT UNPACKING pc=0x0000767b6bc4c879 sp=0x0000767b604cb600 mode 2
Event: 0,914 Thread 0x0000767b7c2ef1b0 Uncommon trap: trap_request=0xffffffd6 fr.pc=0x0000767b6c101538 relative=0x0000000000000658
Event: 0,914 Thread 0x0000767b7c2ef1b0 Uncommon trap: reason=array_check action=maybe_recompile pc=0x0000767b6c101538 method=jdk.internal.classfile.impl.SplitConstantPool.internalAdd(Ljava/lang/classfile/constantpool/PoolEntry;I)Ljava/lang/classfile/constantpool/PoolEntry; @ 46 c2
Event: 0,914 Thread 0x0000767b7c2ef1b0 DEOPT PACKING pc=0x0000767b6c101538 sp=0x0000767b604c9720
Event: 0,914 Thread 0x0000767b7c2ef1b0 DEOPT UNPACKING pc=0x0000767b6bc4c879 sp=0x0000767b604c96d0 mode 2
Event: 0,914 Thread 0x0000767b7c2ef1b0 Uncommon trap: trap_request=0xffffffd6 fr.pc=0x0000767b6c101538 relative=0x0000000000000658
Event: 0,914 Thread 0x0000767b7c2ef1b0 Uncommon trap: reason=array_check action=maybe_recompile pc=0x0000767b6c101538 method=jdk.internal.classfile.impl.SplitConstantPool.internalAdd(Ljava/lang/classfile/constantpool/PoolEntry;I)Ljava/lang/classfile/constantpool/PoolEntry; @ 46 c2
Event: 0,914 Thread 0x0000767b7c2ef1b0 DEOPT PACKING pc=0x0000767b6c101538 sp=0x0000767b604c9720
Event: 0,914 Thread 0x0000767b7c2ef1b0 DEOPT UNPACKING pc=0x0000767b6bc4c879 sp=0x0000767b604c96d0 mode 2
Event: 0,914 Thread 0x0000767b7c2ef1b0 Uncommon trap: trap_request=0xffffffd6 fr.pc=0x0000767b6c101538 relative=0x0000000000000658
Event: 0,914 Thread 0x0000767b7c2ef1b0 Uncommon trap: reason=array_check action=maybe_recompile pc=0x0000767b6c101538 method=jdk.internal.classfile.impl.SplitConstantPool.internalAdd(Ljava/lang/classfile/constantpool/PoolEntry;I)Ljava/lang/classfile/constantpool/PoolEntry; @ 46 c2
Event: 0,914 Thread 0x0000767b7c2ef1b0 DEOPT PACKING pc=0x0000767b6c101538 sp=0x0000767b604c97b0
Event: 0,914 Thread 0x0000767b7c2ef1b0 DEOPT UNPACKING pc=0x0000767b6bc4c879 sp=0x0000767b604c9760 mode 2
Event: 0,914 Thread 0x0000767b7c2ef1b0 Uncommon trap: trap_request=0xffffffd6 fr.pc=0x0000767b6c101538 relative=0x0000000000000658
Event: 0,914 Thread 0x0000767b7c2ef1b0 Uncommon trap: reason=array_check action=maybe_recompile pc=0x0000767b6c101538 method=jdk.internal.classfile.impl.SplitConstantPool.internalAdd(Ljava/lang/classfile/constantpool/PoolEntry;I)Ljava/lang/classfile/constantpool/PoolEntry; @ 46 c2
Event: 0,914 Thread 0x0000767b7c2ef1b0 DEOPT PACKING pc=0x0000767b6c101538 sp=0x0000767b604c9720
Event: 0,914 Thread 0x0000767b7c2ef1b0 DEOPT UNPACKING pc=0x0000767b6bc4c879 sp=0x0000767b604c96d0 mode 2

Classes loaded (20 events):
Event: 2,382 Loading class sun/awt/X11/XKeysym
Event: 2,382 Loading class sun/awt/X11/XKeysym done
Event: 2,382 Loading class sun/awt/X11/XKeysym$Keysym2JavaKeycode
Event: 2,382 Loading class sun/awt/X11/XKeysym$Keysym2JavaKeycode done
Event: 2,387 Loading class sun/awt/DebugSettings
Event: 2,387 Loading class sun/awt/DebugSettings done
Event: 2,387 Loading class javax/swing/JComponent$KeyboardState
Event: 2,387 Loading class javax/swing/JComponent$KeyboardState done
Event: 2,387 Loading class javax/swing/JComponent$IntVector
Event: 2,387 Loading class javax/swing/JComponent$IntVector done
Event: 2,387 Loading class javax/swing/JInternalFrame
Event: 2,388 Loading class javax/swing/JInternalFrame done
Event: 2,388 Loading class javax/swing/KeyboardManager
Event: 2,388 Loading class javax/swing/KeyboardManager done
Event: 2,388 Loading class javax/swing/Popup$HeavyWeightWindow
Event: 2,388 Loading class sun/awt/ModalExclude
Event: 2,388 Loading class sun/awt/ModalExclude done
Event: 2,388 Loading class javax/swing/JWindow
Event: 2,388 Loading class javax/swing/JWindow done
Event: 2,388 Loading class javax/swing/Popup$HeavyWeightWindow done

Classes unloaded (0 events):
No events

Classes redefined (0 events):
No events

Internal exceptions (20 events):
Event: 0,649 Thread 0x0000767b7c2ef1b0 Exception <a 'java/lang/NoSuchMethodError'{0x0000000750fcb6e8}: 'java.lang.Object java.lang.invoke.DirectMethodHandle$Holder.invokeStatic(java.lang.Object, long)'> (0x0000000750fcb6e8) 
thrown [open/src/hotspot/share/interpreter/linkResolver.cpp, line 804]
Event: 0,650 Thread 0x0000767b7c2ef1b0 Exception <a 'java/lang/NoSuchMethodError'{0x0000000750fd3708}: 'java.lang.Object java.lang.invoke.DirectMethodHandle$Holder.invokeStaticInit(java.lang.Object, long)'> (0x0000000750fd3708) 
thrown [open/src/hotspot/share/interpreter/linkResolver.cpp, line 804]
Event: 0,662 Thread 0x0000767b7c2ef1b0 Exception <a 'java/lang/NoSuchMethodError'{0x0000000750ffc178}: 'long java.lang.invoke.DirectMethodHandle$Holder.invokeStaticInit(java.lang.Object, long, long, long, long)'> (0x0000000750ffc178) 
thrown [open/src/hotspot/share/interpreter/linkResolver.cpp, line 804]
Event: 0,663 Thread 0x0000767b7c2ef1b0 Exception <a 'java/lang/NoSuchMethodError'{0x0000000750c04f30}: 'java.lang.Object java.lang.invoke.DirectMethodHandle$Holder.invokeInterface(java.lang.Object, java.lang.Object, long, long)'> (0x0000000750c04f30) 
thrown [open/src/hotspot/share/interpreter/linkResolver.cpp, line 804]
Event: 0,668 Thread 0x0000767b7c2ef1b0 Exception <a 'java/lang/NoSuchMethodError'{0x0000000750c1d700}: 'void java.lang.invoke.DirectMethodHandle$Holder.invokeStaticInit(java.lang.Object, java.lang.Object, long, java.lang.Object)'> (0x0000000750c1d700) 
thrown [open/src/hotspot/share/interpreter/linkResolver.cpp, line 804]
Event: 0,670 Thread 0x0000767b7c2ef1b0 Exception <a 'java/lang/NoSuchMethodError'{0x0000000750c262e8}: 'long java.lang.invoke.DirectMethodHandle$Holder.invokeStatic(java.lang.Object, long, long)'> (0x0000000750c262e8) 
thrown [open/src/hotspot/share/interpreter/linkResolver.cpp, line 804]
Event: 0,682 Thread 0x0000767b7c2ef1b0 Exception <a 'java/lang/NoSuchMethodError'{0x0000000750c4f730}: 'java.lang.Object java.lang.invoke.DirectMethodHandle$Holder.newInvokeSpecial(java.lang.Object, int, java.lang.Object)'> (0x0000000750c4f730) 
thrown [open/src/hotspot/share/interpreter/linkResolver.cpp, line 804]
Event: 0,833 Thread 0x0000767b7c2ef1b0 Exception <a 'java/lang/NoSuchMethodError'{0x0000000750dda5f8}: 'float java.lang.invoke.DelegatingMethodHandle$Holder.reinvoke_L(java.lang.Object, java.lang.Object, java.lang.Object, java.lang.Object, long, long)'> (0x0000000750dda5f8) 
thrown [open/src/hotspot/share/interpreter/linkResolver.cpp, line 804]
Event: 0,839 Thread 0x0000767b7c2ef1b0 Exception <a 'java/lang/NoSuchMethodError'{0x0000000750dfa900}: 'java.lang.Object java.lang.invoke.DirectMethodHandle$Holder.invokeStatic(java.lang.Object, java.lang.Object, java.lang.Object, java.lang.Object, java.lang.Object, long)'> (0x0000000750dfa900) 
thrown [open/src/hotspot/share/interpreter/linkResolver.cpp, line 804]
Event: 0,866 Thread 0x0000767b7c2ef1b0 Exception <a 'java/lang/NoSuchMethodError'{0x0000000750a44c40}: 'long java.lang.invoke.DelegatingMethodHandle$Holder.reinvoke_L(java.lang.Object, java.lang.Object, java.lang.Object, java.lang.Object, long, long)'> (0x0000000750a44c40) 
thrown [open/src/hotspot/share/interpreter/linkResolver.cpp, line 804]
Event: 0,883 Thread 0x0000767b7c2ef1b0 Exception <a 'java/lang/NoSuchMethodError'{0x0000000750ab2d78}: 'void java.lang.invoke.DelegatingMethodHandle$Holder.reinvoke_L(java.lang.Object, java.lang.Object, java.lang.Object, java.lang.Object, long, long, long)'> (0x0000000750ab2d78) 
thrown [open/src/hotspot/share/interpreter/linkResolver.cpp, line 804]
Event: 0,894 Thread 0x0000767b7c2ef1b0 Exception <a 'java/lang/NoSuchMethodError'{0x0000000750aecb88}: 'java.lang.Object java.lang.invoke.DirectMethodHandle$Holder.newInvokeSpecial(java.lang.Object, long, java.lang.Object)'> (0x0000000750aecb88) 
thrown [open/src/hotspot/share/interpreter/linkResolver.cpp, line 804]
Event: 0,895 Thread 0x0000767b7c2ef1b0 Exception <a 'java/lang/NoSuchMethodError'{0x0000000750af5578}: 'java.lang.Object java.lang.invoke.DirectMethodHandle$Holder.invokeSpecial(java.lang.Object, java.lang.Object, long, java.lang.Object)'> (0x0000000750af5578) 
thrown [open/src/hotspot/share/interpreter/linkResolver.cpp, line 804]
Event: 0,898 Thread 0x0000767b7c2ef1b0 Exception <a 'java/lang/NoSuchMethodError'{0x0000000750b05570}: 'java.lang.Object java.lang.invoke.DirectMethodHandle$Holder.invokeInterface(java.lang.Object, java.lang.Object, java.lang.Object)'> (0x0000000750b05570) 
thrown [open/src/hotspot/share/interpreter/linkResolver.cpp, line 804]
Event: 0,899 Thread 0x0000767b7c2ef1b0 Exception <a 'java/lang/IncompatibleClassChangeError'{0x0000000750b0d878}: Found class java.lang.Object, but interface was expected> (0x0000000750b0d878) 
thrown [open/src/hotspot/share/interpreter/linkResolver.cpp, line 872]
Event: 0,899 Thread 0x0000767b7c2ef1b0 Exception <a 'java/lang/NoSuchMethodError'{0x0000000750b0e3a8}: 'java.lang.Object java.lang.invoke.DirectMethodHandle$Holder.invokeStaticInit(java.lang.Object, java.lang.Object, java.lang.Object)'> (0x0000000750b0e3a8) 
thrown [open/src/hotspot/share/interpreter/linkResolver.cpp, line 804]
Event: 0,900 Thread 0x0000767b7c2ef1b0 Exception <a 'java/lang/NoSuchMethodError'{0x0000000750b16ae0}: 'void java.lang.invoke.DirectMethodHandle$Holder.invokeStaticInit(java.lang.Object, java.lang.Object)'> (0x0000000750b16ae0) 
thrown [open/src/hotspot/share/interpreter/linkResolver.cpp, line 804]
Event: 0,901 Thread 0x0000767b7c2ef1b0 Exception <a 'java/lang/NoSuchMethodError'{0x0000000750b1f5f8}: 'java.lang.Object java.lang.invoke.DirectMethodHandle$Holder.invokeStatic(java.lang.Object, long, long)'> (0x0000000750b1f5f8) 
thrown [open/src/hotspot/share/interpreter/linkResolver.cpp, line 804]
Event: 0,902 Thread 0x0000767b7c2ef1b0 Exception <a 'java/lang/NoSuchMethodError'{0x0000000750b27d40}: 'java.lang.Object java.lang.invoke.DirectMethodHandle$Holder.invokeStaticInit(java.lang.Object, long, long)'> (0x0000000750b27d40) 
thrown [open/src/hotspot/share/interpreter/linkResolver.cpp, line 804]
Event: 0,909 Thread 0x0000767b7c2ef1b0 Exception <a 'java/lang/NoSuchMethodError'{0x0000000750b49810}: 'int java.lang.invoke.DelegatingMethodHandle$Holder.reinvoke_L(java.lang.Object, java.lang.Object, java.lang.Object, java.lang.Object, long, long)'> (0x0000000750b49810) 
thrown [open/src/hotspot/share/interpreter/linkResolver.cpp, line 804]

VM Operations (10 events):
Event: 0,295 Executing VM operation: HandshakeAllThreads (Deoptimize)
Event: 0,295 Executing VM operation: HandshakeAllThreads (Deoptimize) done
Event: 0,499 Executing VM operation: HandshakeAllThreads (Deoptimize)
Event: 0,499 Executing VM operation: HandshakeAllThreads (Deoptimize) done
Event: 0,552 Executing VM operation: HandshakeAllThreads (Deoptimize)
Event: 0,552 Executing VM operation: HandshakeAllThreads (Deoptimize) done
Event: 0,747 Executing VM operation: HandshakeAllThreads (Deoptimize)
Event: 0,747 Executing VM operation: HandshakeAllThreads (Deoptimize) done
Event: 0,830 Executing VM operation: HandshakeAllThreads (Deoptimize)
Event: 0,830 Executing VM operation: HandshakeAllThreads (Deoptimize) done

Memory protections (16 events):
Event: 0,006 Protecting memory [0x0000767b82300000,0x0000767b82304000] with protection modes 0
Event: 0,143 Protecting memory [0x0000767b803d1000,0x0000767b803d5000] with protection modes 0
Event: 0,143 Protecting memory [0x0000767b802d1000,0x0000767b802d5000] with protection modes 0
Event: 0,144 Protecting memory [0x0000767b801d1000,0x0000767b801d5000] with protection modes 0
Event: 0,144 Protecting memory [0x0000767b800d1000,0x0000767b800d5000] with protection modes 0
Event: 0,144 Protecting memory [0x0000767b7bf00000,0x0000767b7bf04000] with protection modes 0
Event: 0,144 Protecting memory [0x0000767b61668000,0x0000767b6166c000] with protection modes 0
Event: 0,144 Protecting memory [0x0000767b60f00000,0x0000767b60f04000] with protection modes 0
Event: 0,149 Protecting memory [0x0000767b60e00000,0x0000767b60e04000] with protection modes 0
Event: 0,156 Protecting memory [0x0000767b60d00000,0x0000767b60d04000] with protection modes 0
Event: 0,340 Protecting memory [0x0000767b606ce000,0x0000767b606d2000] with protection modes 0
Event: 0,349 Protecting memory [0x0000767b605ce000,0x0000767b605d2000] with protection modes 0
Event: 0,352 Protecting memory [0x0000767b604ce000,0x0000767b604d2000] with protection modes 0
Event: 0,352 Protecting memory [0x0000767b603ce000,0x0000767b603d2000] with protection modes 0
Event: 0,354 Protecting memory [0x0000767b82300000,0x0000767b82304000] with protection modes 0
Event: 1,483 Protecting memory [0x0000767b602ce000,0x0000767b602d2000] with protection modes 0

Nmethod flushes (0 events):
No events

Events (17 events):
Event: 0,133 Thread 0x0000767b7c02a430 Thread added: 0x0000767b7c02a430
Event: 0,143 Thread 0x0000767b7c02a430 Thread added: 0x0000767b7c128dc0
Event: 0,143 Thread 0x0000767b7c02a430 Thread added: 0x0000767b7c12a500
Event: 0,144 Thread 0x0000767b7c02a430 Thread added: 0x0000767b7c12bd40
Event: 0,144 Thread 0x0000767b7c02a430 Thread added: 0x0000767b7c12d450
Event: 0,144 Thread 0x0000767b7c02a430 Thread added: 0x0000767b7c12eac0
Event: 0,144 Thread 0x0000767b7c02a430 Thread added: 0x0000767b7c1306b0
Event: 0,144 Thread 0x0000767b7c02a430 Thread added: 0x0000767b7c131e90
Event: 0,149 Thread 0x0000767b7c02a430 Thread added: 0x0000767b7c16e170
Event: 0,156 Thread 0x0000767b7c02a430 Thread added: 0x0000767b7c170f90
Event: 0,340 Thread 0x0000767b7c02a430 Thread added: 0x0000767b7c2ea5b0
Event: 0,349 Thread 0x0000767b7c02a430 Thread added: 0x0000767b7c2ec130
Event: 0,352 Thread 0x0000767b7c02a430 Thread added: 0x0000767b7c2edea0
Event: 0,352 Thread 0x0000767b7c02a430 Thread added: 0x0000767b7c2ef1b0
Event: 0,354 Thread 0x0000767b7c02a430 Thread exited: 0x0000767b7c02a430
Event: 0,354 Thread 0x0000767b7c02a430 Thread added: 0x0000767b7c02a430
Event: 1,482 Thread 0x0000767b7c2ef1b0 Thread added: 0x0000767ac0129f40


Dynamic libraries:
745a00000-751600000 rw-p 00000000 00:00 0 
751600000-7ffe00000 ---p 00000000 00:00 0 
7ffe00000-7fff1a000 rw-p 00d4f000 08:03 3055094                          /usr/lib/jvm/jdk-24.0.2-oracle-x64/lib/server/classes.jsa
7fff1a000-800000000 rw-p 00000000 00:00 0 
629630ffa000-629630ffb000 r-xp 00000000 08:03 3054788                    /usr/lib/jvm/jdk-24.0.2-oracle-x64/bin/java
629630ffc000-629630ffd000 r--p 00001000 08:03 3054788                    /usr/lib/jvm/jdk-24.0.2-oracle-x64/bin/java
629630ffd000-629630ffe000 rw-p 00002000 08:03 3054788                    /usr/lib/jvm/jdk-24.0.2-oracle-x64/bin/java
629660cf9000-629660d40000 rw-p 00000000 00:00 0                          [heap]
767ac0000000-767ac01ac000 rw-p 00000000 00:00 0 
767ac01ac000-767ac4000000 ---p 00000000 00:00 0 
767ac4000000-767ac4021000 rw-p 00000000 00:00 0 
767ac4021000-767ac8000000 ---p 00000000 00:00 0 
767ac8000000-767ac8021000 rw-p 00000000 00:00 0 
767ac8021000-767acc000000 ---p 00000000 00:00 0 
767acc000000-767acc021000 rw-p 00000000 00:00 0 
767acc021000-767ad0000000 ---p 00000000 00:00 0 
767ad0000000-767ad0021000 rw-p 00000000 00:00 0 
767ad0021000-767ad4000000 ---p 00000000 00:00 0 
767ad4000000-767ad4021000 rw-p 00000000 00:00 0 
767ad4021000-767ad8000000 ---p 00000000 00:00 0 
767ad8000000-767ad875d000 rw-p 00000000 00:00 0 
767ad875d000-767adc000000 ---p 00000000 00:00 0 
767adc000000-767adc021000 rw-p 00000000 00:00 0 
767adc021000-767ae0000000 ---p 00000000 00:00 0 
767ae0000000-767ae0021000 rw-p 00000000 00:00 0 
767ae0021000-767ae4000000 ---p 00000000 00:00 0 
767ae4000000-767ae423c000 rw-p 00000000 00:00 0 
767ae423c000-767ae8000000 ---p 00000000 00:00 0 
767ae8000000-767ae8021000 rw-p 00000000 00:00 0 
767ae8021000-767aec000000 ---p 00000000 00:00 0 
767aec000000-767aec021000 rw-p 00000000 00:00 0 
767aec021000-767af0000000 ---p 00000000 00:00 0 
767af0000000-767af0021000 rw-p 00000000 00:00 0 
767af0021000-767af4000000 ---p 00000000 00:00 0 
767af4000000-767af4021000 rw-p 00000000 00:00 0 
767af4021000-767af8000000 ---p 00000000 00:00 0 
767af8000000-767af8400000 rw-p 00000000 00:00 0 
767af8400000-767af8420000 rw-p 00000000 00:00 0 
767af8420000-767af8440000 rw-p 00000000 00:00 0 
767af8440000-767af8480000 rw-p 00000000 00:00 0 
767af8480000-767af8500000 rw-p 00000000 00:00 0 
767af8500000-767af8700000 rw-p 00000000 00:00 0 
767af8700000-767af8720000 rw-p 00000000 00:00 0 
767af8720000-767af8740000 rw-p 00000000 00:00 0 
767af8740000-767af8780000 rw-p 00000000 00:00 0 
767af8780000-767af8900000 rw-p 00000000 00:00 0 
767af8900000-767af8920000 rw-p 00000000 00:00 0 
767af8920000-767af8940000 ---p 00000000 00:00 0 
767af8940000-767af8970000 rw-p 00000000 00:00 0 
767af8970000-767af8980000 ---p 00000000 00:00 0 
767af8980000-767af8a00000 rw-p 00000000 00:00 0 
767af8a00000-767afc000000 ---p 00000000 00:00 0 
767afc000000-767afc021000 rw-p 00000000 00:00 0 
767afc021000-767b00000000 ---p 00000000 00:00 0 
767b02000000-767b02d1c000 rw-p 00001000 08:03 3055094                    /usr/lib/jvm/jdk-24.0.2-oracle-x64/lib/server/classes.jsa
767b02d1c000-767b03000000 ---p 00000000 00:00 0 
767b03000000-767b03020000 rw-p 00000000 00:00 0 
767b03020000-767b03040000 rw-p 00000000 00:00 0 
767b03040000-767b030c0000 rw-p 00000000 00:00 0 
767b030c0000-767b030d0000 rw-p 00000000 00:00 0 
767b030d0000-767b030e0000 ---p 00000000 00:00 0 
767b030e0000-767b03100000 rw-p 00000000 00:00 0 
767b03100000-767b43000000 ---p 00000000 00:00 0 
767b44000000-767b44021000 rw-p 00000000 00:00 0 
767b44021000-767b48000000 ---p 00000000 00:00 0 
767b48000000-767b48021000 rw-p 00000000 00:00 0 
767b48021000-767b4c000000 ---p 00000000 00:00 0 
767b4c000000-767b4c021000 rw-p 00000000 00:00 0 
767b4c021000-767b50000000 ---p 00000000 00:00 0 
767b52000000-767b54021000 rw-p 00000000 00:00 0 
767b54021000-767b58000000 ---p 00000000 00:00 0 
767b58000000-767b58021000 rw-p 00000000 00:00 0 
767b58021000-767b5c000000 ---p 00000000 00:00 0 
767b5c000000-767b5c021000 rw-p 00000000 00:00 0 
767b5c021000-767b60000000 ---p 00000000 00:00 0 
767b60002000-767b602ce000 rw-p 00000000 00:00 0 
767b602ce000-767b602d2000 ---p 00000000 00:00 0 
767b602d2000-767b603ce000 rw-p 00000000 00:00 0 
767b603ce000-767b603d2000 ---p 00000000 00:00 0 
767b603d2000-767b604ce000 rw-p 00000000 00:00 0 
767b604ce000-767b604d2000 ---p 00000000 00:00 0 
767b604d2000-767b605ce000 rw-p 00000000 00:00 0 
767b605ce000-767b605d2000 ---p 00000000 00:00 0 
767b605d2000-767b606ce000 rw-p 00000000 00:00 0 
767b606ce000-767b606d2000 ---p 00000000 00:00 0 
767b606d2000-767b607ce000 rw-p 00000000 00:00 0 
767b607ce000-767b607d0000 r--p 00000000 08:03 2916522                    /usr/lib/x86_64-linux-gnu/libXfixes.so.3.1.0
767b607d0000-767b607d3000 r-xp 00002000 08:03 2916522                    /usr/lib/x86_64-linux-gnu/libXfixes.so.3.1.0
767b607d3000-767b607d4000 r--p 00005000 08:03 2916522                    /usr/lib/x86_64-linux-gnu/libXfixes.so.3.1.0
767b607d4000-767b607d5000 r--p 00005000 08:03 2916522                    /usr/lib/x86_64-linux-gnu/libXfixes.so.3.1.0
767b607d5000-767b607d6000 rw-p 00006000 08:03 2916522                    /usr/lib/x86_64-linux-gnu/libXfixes.so.3.1.0
767b607d6000-767b607d8000 r--p 00000000 08:03 2916514                    /usr/lib/x86_64-linux-gnu/libXcursor.so.1.0.2
767b607d8000-767b607de000 r-xp 00002000 08:03 2916514                    /usr/lib/x86_64-linux-gnu/libXcursor.so.1.0.2
767b607de000-767b607e0000 r--p 00008000 08:03 2916514                    /usr/lib/x86_64-linux-gnu/libXcursor.so.1.0.2
767b607e0000-767b607e1000 r--p 00009000 08:03 2916514                    /usr/lib/x86_64-linux-gnu/libXcursor.so.1.0.2
767b607e1000-767b607e2000 rw-p 0000a000 08:03 2916514                    /usr/lib/x86_64-linux-gnu/libXcursor.so.1.0.2
767b607e2000-767b607e3000 r--p 00000000 08:03 2916828                    /usr/lib/x86_64-linux-gnu/libbrotlicommon.so.1.1.0
767b607e3000-767b607e4000 r-xp 00001000 08:03 2916828                    /usr/lib/x86_64-linux-gnu/libbrotlicommon.so.1.1.0
767b607e4000-767b60803000 r--p 00002000 08:03 2916828                    /usr/lib/x86_64-linux-gnu/libbrotlicommon.so.1.1.0
767b60803000-767b60804000 r--p 00021000 08:03 2916828                    /usr/lib/x86_64-linux-gnu/libbrotlicommon.so.1.1.0
767b60804000-767b60805000 rw-p 00022000 08:03 2916828                    /usr/lib/x86_64-linux-gnu/libbrotlicommon.so.1.1.0
767b60805000-767b60806000 r--p 00000000 08:03 2916830                    /usr/lib/x86_64-linux-gnu/libbrotlidec.so.1.1.0
767b60806000-767b6080e000 r-xp 00001000 08:03 2916830                    /usr/lib/x86_64-linux-gnu/libbrotlidec.so.1.1.0
767b6080e000-767b60811000 r--p 00009000 08:03 2916830                    /usr/lib/x86_64-linux-gnu/libbrotlidec.so.1.1.0
767b60811000-767b60812000 r--p 0000b000 08:03 2916830                    /usr/lib/x86_64-linux-gnu/libbrotlidec.so.1.1.0
767b60812000-767b60813000 rw-p 0000c000 08:03 2916830                    /usr/lib/x86_64-linux-gnu/libbrotlidec.so.1.1.0
767b60813000-767b60818000 r--p 00000000 08:03 2917892                    /usr/lib/x86_64-linux-gnu/libpng16.so.16.43.0
767b60818000-767b60840000 r-xp 00005000 08:03 2917892                    /usr/lib/x86_64-linux-gnu/libpng16.so.16.43.0
767b60840000-767b60849000 r--p 0002d000 08:03 2917892                    /usr/lib/x86_64-linux-gnu/libpng16.so.16.43.0
767b60849000-767b6084a000 r--p 00035000 08:03 2917892                    /usr/lib/x86_64-linux-gnu/libpng16.so.16.43.0
767b6084a000-767b6084b000 rw-p 00036000 08:03 2917892                    /usr/lib/x86_64-linux-gnu/libpng16.so.16.43.0
767b6084b000-767b60858000 r--p 00000000 08:03 2917194                    /usr/lib/x86_64-linux-gnu/libfreetype.so.6.20.1
767b60858000-767b608e9000 r-xp 0000d000 08:03 2917194                    /usr/lib/x86_64-linux-gnu/libfreetype.so.6.20.1
767b608e9000-767b6090f000 r--p 0009e000 08:03 2917194                    /usr/lib/x86_64-linux-gnu/libfreetype.so.6.20.1
767b6090f000-767b60916000 r--p 000c4000 08:03 2917194                    /usr/lib/x86_64-linux-gnu/libfreetype.so.6.20.1
767b60916000-767b60917000 rw-p 000cb000 08:03 2917194                    /usr/lib/x86_64-linux-gnu/libfreetype.so.6.20.1
767b6092f000-767b60acb000 r-xp 00000000 08:03 3055054                    /usr/lib/jvm/jdk-24.0.2-oracle-x64/lib/libfontmanager.so
767b60acb000-767b60acc000 ---p 0019c000 08:03 3055054                    /usr/lib/jvm/jdk-24.0.2-oracle-x64/lib/libfontmanager.so
767b60acc000-767b60ace000 r--p 0019c000 08:03 3055054                    /usr/lib/jvm/jdk-24.0.2-oracle-x64/lib/libfontmanager.so
767b60ace000-767b60acf000 rw-p 0019e000 08:03 3055054                    /usr/lib/jvm/jdk-24.0.2-oracle-x64/lib/libfontmanager.so
767b60acf000-767b60ad0000 rw-p 00000000 00:00 0 
767b60ad0000-767b60ae9000 r--p 00000000 08:03 2916503                    /usr/lib/x86_64-linux-gnu/libX11.so.6.4.0
767b60ae9000-767b60b79000 r-xp 00019000 08:03 2916503                    /usr/lib/x86_64-linux-gnu/libX11.so.6.4.0
767b60b79000-767b60c08000 r--p 000a9000 08:03 2916503                    /usr/lib/x86_64-linux-gnu/libX11.so.6.4.0
767b60c08000-767b60c09000 r--p 00138000 08:03 2916503                    /usr/lib/x86_64-linux-gnu/libX11.so.6.4.0
767b60c09000-767b60c0d000 rw-p 00139000 08:03 2916503                    /usr/lib/x86_64-linux-gnu/libX11.so.6.4.0
767b60c0d000-767b60cce000 r-xp 00000000 08:03 3055049                    /usr/lib/jvm/jdk-24.0.2-oracle-x64/lib/libawt.so
767b60cce000-767b60ccf000 ---p 000c1000 08:03 3055049                    /usr/lib/jvm/jdk-24.0.2-oracle-x64/lib/libawt.so
767b60ccf000-767b60cd0000 r--p 000c1000 08:03 3055049                    /usr/lib/jvm/jdk-24.0.2-oracle-x64/lib/libawt.so
767b60cd0000-767b60cdb000 rw-p 000c2000 08:03 3055049                    /usr/lib/jvm/jdk-24.0.2-oracle-x64/lib/libawt.so
767b60cdb000-767b60d00000 rw-p 00000000 00:00 0 
767b60d00000-767b60d04000 ---p 00000000 00:00 0 
767b60d04000-767b60e00000 rw-p 00000000 00:00 0 
767b60e00000-767b60e04000 ---p 00000000 00:00 0 
767b60e04000-767b60f00000 rw-p 00000000 00:00 0 
767b60f00000-767b60f04000 ---p 00000000 00:00 0 
767b60f04000-767b61000000 rw-p 00000000 00:00 0 
767b61000000-767b61577000 r--p 00000000 08:03 2883944                    /usr/lib/locale/locale-archive
767b6157e000-767b61580000 r--p 00000000 08:03 2917633                    /usr/lib/x86_64-linux-gnu/libmd.so.0.1.0
767b61580000-767b61589000 r-xp 00002000 08:03 2917633                    /usr/lib/x86_64-linux-gnu/libmd.so.0.1.0
767b61589000-767b6158b000 r--p 0000b000 08:03 2917633                    /usr/lib/x86_64-linux-gnu/libmd.so.0.1.0
767b6158b000-767b6158c000 r--p 0000c000 08:03 2917633                    /usr/lib/x86_64-linux-gnu/libmd.so.0.1.0
767b6158c000-767b6158d000 rw-p 0000d000 08:03 2917633                    /usr/lib/x86_64-linux-gnu/libmd.so.0.1.0
767b6158d000-767b61591000 r--p 00000000 08:03 2916836                    /usr/lib/x86_64-linux-gnu/libbsd.so.0.12.1
767b61591000-767b6159d000 r-xp 00004000 08:03 2916836                    /usr/lib/x86_64-linux-gnu/libbsd.so.0.12.1
767b6159d000-767b615a0000 r--p 00010000 08:03 2916836                    /usr/lib/x86_64-linux-gnu/libbsd.so.0.12.1
767b615a0000-767b615a1000 r--p 00012000 08:03 2916836                    /usr/lib/x86_64-linux-gnu/libbsd.so.0.12.1
767b615a1000-767b615a2000 rw-p 00013000 08:03 2916836                    /usr/lib/x86_64-linux-gnu/libbsd.so.0.12.1
767b615a2000-767b615a3000 rw-p 00000000 00:00 0 
767b615a3000-767b615ae000 r--p 00000000 08:03 2918405                    /usr/lib/x86_64-linux-gnu/libxcb.so.1.1.0
767b615ae000-767b615c1000 r-xp 0000b000 08:03 2918405                    /usr/lib/x86_64-linux-gnu/libxcb.so.1.1.0
767b615c1000-767b615ca000 r--p 0001e000 08:03 2918405                    /usr/lib/x86_64-linux-gnu/libxcb.so.1.1.0
767b615ca000-767b615cb000 r--p 00026000 08:03 2918405                    /usr/lib/x86_64-linux-gnu/libxcb.so.1.1.0
767b615cb000-767b615cc000 rw-p 00027000 08:03 2918405                    /usr/lib/x86_64-linux-gnu/libxcb.so.1.1.0
767b615cc000-767b615cf000 r--p 00000000 08:03 2916528                    /usr/lib/x86_64-linux-gnu/libXi.so.6.1.0
767b615cf000-767b615db000 r-xp 00003000 08:03 2916528                    /usr/lib/x86_64-linux-gnu/libXi.so.6.1.0
767b615db000-767b615dd000 r--p 0000f000 08:03 2916528                    /usr/lib/x86_64-linux-gnu/libXi.so.6.1.0
767b615dd000-767b615de000 r--p 00011000 08:03 2916528                    /usr/lib/x86_64-linux-gnu/libXi.so.6.1.0
767b615de000-767b615df000 rw-p 00012000 08:03 2916528                    /usr/lib/x86_64-linux-gnu/libXi.so.6.1.0
767b615df000-767b615e3000 r--p 00000000 08:03 2916520                    /usr/lib/x86_64-linux-gnu/libXext.so.6.4.0
767b615e3000-767b615ee000 r-xp 00004000 08:03 2916520                    /usr/lib/x86_64-linux-gnu/libXext.so.6.4.0
767b615ee000-767b615f1000 r--p 0000f000 08:03 2916520                    /usr/lib/x86_64-linux-gnu/libXext.so.6.4.0
767b615f1000-767b615f2000 r--p 00011000 08:03 2916520                    /usr/lib/x86_64-linux-gnu/libXext.so.6.4.0
767b615f2000-767b615f3000 rw-p 00012000 08:03 2916520                    /usr/lib/x86_64-linux-gnu/libXext.so.6.4.0
767b615f3000-767b6165e000 r-xp 00000000 08:03 3055051                    /usr/lib/jvm/jdk-24.0.2-oracle-x64/lib/libawt_xawt.so
767b6165e000-767b61664000 r--p 0006a000 08:03 3055051                    /usr/lib/jvm/jdk-24.0.2-oracle-x64/lib/libawt_xawt.so
767b61664000-767b61666000 rw-p 00070000 08:03 3055051                    /usr/lib/jvm/jdk-24.0.2-oracle-x64/lib/libawt_xawt.so
767b61666000-767b61668000 rw-p 00000000 00:00 0 
767b61668000-767b6166c000 ---p 00000000 00:00 0 
767b6166c000-767b61768000 rw-p 00000000 00:00 0 
767b61768000-767b61a58000 rw-p 00000000 00:00 0 
767b61a58000-767b645f8000 ---p 00000000 00:00 0 
767b645f8000-767b64600000 rw-p 00000000 00:00 0 
767b64600000-767b64870000 rwxp 00000000 00:00 0 
767b64870000-767b6bb37000 ---p 00000000 00:00 0 
767b6bb37000-767b6bda7000 rwxp 00000000 00:00 0 
767b6bda7000-767b6c0c7000 ---p 00000000 00:00 0 
767b6c0c7000-767b6c337000 rwxp 00000000 00:00 0 
767b6c337000-767b73600000 ---p 00000000 00:00 0 
767b73600000-767b7beb7000 r--s 00000000 08:03 3055086                    /usr/lib/jvm/jdk-24.0.2-oracle-x64/lib/modules
767b7beb8000-767b7beba000 r--p 00000000 08:03 2916843                    /usr/lib/x86_64-linux-gnu/libbz2.so.1.0.4
767b7beba000-767b7bec8000 r-xp 00002000 08:03 2916843                    /usr/lib/x86_64-linux-gnu/libbz2.so.1.0.4
767b7bec8000-767b7beca000 r--p 00010000 08:03 2916843                    /usr/lib/x86_64-linux-gnu/libbz2.so.1.0.4
767b7beca000-767b7becb000 r--p 00011000 08:03 2916843                    /usr/lib/x86_64-linux-gnu/libbz2.so.1.0.4
767b7becb000-767b7becc000 rw-p 00012000 08:03 2916843                    /usr/lib/x86_64-linux-gnu/libbz2.so.1.0.4
767b7becc000-767b7bed3000 r-xp 00000000 08:03 3055085                    /usr/lib/jvm/jdk-24.0.2-oracle-x64/lib/libzip.so
767b7bed3000-767b7bed4000 ---p 00007000 08:03 3055085                    /usr/lib/jvm/jdk-24.0.2-oracle-x64/lib/libzip.so
767b7bed4000-767b7bed5000 r--p 00007000 08:03 3055085                    /usr/lib/jvm/jdk-24.0.2-oracle-x64/lib/libzip.so
767b7bed5000-767b7bed6000 rw-p 00008000 08:03 3055085                    /usr/lib/jvm/jdk-24.0.2-oracle-x64/lib/libzip.so
767b7bed6000-767b7bedd000 r--s 00000000 08:03 2887508                    /usr/lib/x86_64-linux-gnu/gconv/gconv-modules.cache
767b7bedd000-767b7bf00000 r--p 00000000 08:03 4198947                    /usr/share/locale-langpack/pt/LC_MESSAGES/libc.mo
767b7bf00000-767b7bf04000 ---p 00000000 00:00 0 
767b7bf04000-767b7c000000 rw-p 00000000 00:00 0 
767b7c000000-767b7c309000 rw-p 00000000 00:00 0 
767b7c309000-767b80000000 ---p 00000000 00:00 0 
767b80001000-767b800cf000 r-xp 00000000 08:03 3055068                    /usr/lib/jvm/jdk-24.0.2-oracle-x64/lib/libjsvml.so
767b800cf000-767b800d0000 r--p 000cd000 08:03 3055068                    /usr/lib/jvm/jdk-24.0.2-oracle-x64/lib/libjsvml.so
767b800d0000-767b800d1000 rw-p 000ce000 08:03 3055068                    /usr/lib/jvm/jdk-24.0.2-oracle-x64/lib/libjsvml.so
767b800d1000-767b800d5000 ---p 00000000 00:00 0 
767b800d5000-767b801d1000 rw-p 00000000 00:00 0 
767b801d1000-767b801d5000 ---p 00000000 00:00 0 
767b801d5000-767b802d1000 rw-p 00000000 00:00 0 
767b802d1000-767b802d5000 ---p 00000000 00:00 0 
767b802d5000-767b803d1000 rw-p 00000000 00:00 0 
767b803d1000-767b803d5000 ---p 00000000 00:00 0 
767b803d5000-767b804d1000 rw-p 00000000 00:00 0 
767b804d1000-767b805ee000 rw-p 00000000 00:00 0 
767b805ee000-767b805ef000 ---p 00000000 00:00 0 
767b805ef000-767b806ef000 rw-p 00000000 00:00 0 
767b806ef000-767b806f0000 ---p 00000000 00:00 0 
767b806f0000-767b807f0000 rw-p 00000000 00:00 0 
767b807f0000-767b807f2000 r--p 00000000 08:03 2916518                    /usr/lib/x86_64-linux-gnu/libXdmcp.so.6.0.0
767b807f2000-767b807f4000 r-xp 00002000 08:03 2916518                    /usr/lib/x86_64-linux-gnu/libXdmcp.so.6.0.0
767b807f4000-767b807f6000 r--p 00004000 08:03 2916518                    /usr/lib/x86_64-linux-gnu/libXdmcp.so.6.0.0
767b807f6000-767b807f7000 r--p 00005000 08:03 2916518                    /usr/lib/x86_64-linux-gnu/libXdmcp.so.6.0.0
767b807f7000-767b807f8000 rw-p 00006000 08:03 2916518                    /usr/lib/x86_64-linux-gnu/libXdmcp.so.6.0.0
767b807f8000-767b807f9000 r--p 00000000 08:03 2916507                    /usr/lib/x86_64-linux-gnu/libXau.so.6.0.0
767b807f9000-767b807fb000 r-xp 00001000 08:03 2916507                    /usr/lib/x86_64-linux-gnu/libXau.so.6.0.0
767b807fb000-767b807fc000 r--p 00003000 08:03 2916507                    /usr/lib/x86_64-linux-gnu/libXau.so.6.0.0
767b807fc000-767b807fd000 r--p 00003000 08:03 2916507                    /usr/lib/x86_64-linux-gnu/libXau.so.6.0.0
767b807fd000-767b807fe000 rw-p 00004000 08:03 2916507                    /usr/lib/x86_64-linux-gnu/libXau.so.6.0.0
767b807fe000-767b80822000 r--p 00000000 08:03 4199386                    /usr/share/locale-langpack/pt_BR/LC_MESSAGES/libc.mo
767b80822000-767b80823000 ---p 00000000 00:00 0 
767b80823000-767b80923000 rw-p 00000000 00:00 0 
767b80923000-767b80924000 ---p 00000000 00:00 0 
767b80924000-767b80a24000 rw-p 00000000 00:00 0 
767b80a24000-767b80e28000 rw-p 00000000 00:00 0 
767b80e28000-767b80e29000 ---p 00000000 00:00 0 
767b80e29000-767b80f29000 rw-p 00000000 00:00 0 
767b80f29000-767b80f2a000 ---p 00000000 00:00 0 
767b80f2a000-767b8102a000 rw-p 00000000 00:00 0 
767b8102a000-767b8102b000 ---p 00000000 00:00 0 
767b8102b000-767b8112b000 rw-p 00000000 00:00 0 
767b8112b000-767b811bb000 rw-p 00000000 00:00 0 
767b811bb000-767b8172f000 ---p 00000000 00:00 0 
767b8172f000-767b8178e000 rw-p 00000000 00:00 0 
767b8178e000-767b81d02000 ---p 00000000 00:00 0 
767b81d02000-767b8210c000 rw-p 00000000 00:00 0 
767b8210c000-767b821f2000 ---p 00000000 00:00 0 
767b821f2000-767b821f7000 rw-p 00000000 00:00 0 
767b821f7000-767b822dd000 ---p 00000000 00:00 0 
767b822dd000-767b822fc000 r-xp 00000000 08:03 3055060                    /usr/lib/jvm/jdk-24.0.2-oracle-x64/lib/libjava.so
767b822fc000-767b822fd000 ---p 0001f000 08:03 3055060                    /usr/lib/jvm/jdk-24.0.2-oracle-x64/lib/libjava.so
767b822fd000-767b822fe000 r--p 0001f000 08:03 3055060                    /usr/lib/jvm/jdk-24.0.2-oracle-x64/lib/libjava.so
767b822fe000-767b822ff000 rw-p 00020000 08:03 3055060                    /usr/lib/jvm/jdk-24.0.2-oracle-x64/lib/libjava.so
767b822ff000-767b82300000 rw-p 00000000 00:00 0 
767b82300000-767b82304000 ---p 00000000 00:00 0 
767b82304000-767b82400000 rw-p 00000000 00:00 0 
767b82400000-767b83780000 r-xp 00000000 08:03 3055097                    /usr/lib/jvm/jdk-24.0.2-oracle-x64/lib/server/libjvm.so
767b83780000-767b83781000 ---p 01380000 08:03 3055097                    /usr/lib/jvm/jdk-24.0.2-oracle-x64/lib/server/libjvm.so
767b83781000-767b83855000 r--p 01380000 08:03 3055097                    /usr/lib/jvm/jdk-24.0.2-oracle-x64/lib/server/libjvm.so
767b83855000-767b83883000 rw-p 01454000 08:03 3055097                    /usr/lib/jvm/jdk-24.0.2-oracle-x64/lib/server/libjvm.so
767b83883000-767b838fc000 rw-p 00000000 00:00 0 
767b838fc000-767b838fd000 r--p 00000000 08:03 2916530                    /usr/lib/x86_64-linux-gnu/libXinerama.so.1.0.0
767b838fd000-767b838fe000 r-xp 00001000 08:03 2916530                    /usr/lib/x86_64-linux-gnu/libXinerama.so.1.0.0
767b838fe000-767b838ff000 r--p 00002000 08:03 2916530                    /usr/lib/x86_64-linux-gnu/libXinerama.so.1.0.0
767b838ff000-767b83900000 r--p 00002000 08:03 2916530                    /usr/lib/x86_64-linux-gnu/libXinerama.so.1.0.0
767b83900000-767b83901000 rw-p 00003000 08:03 2916530                    /usr/lib/x86_64-linux-gnu/libXinerama.so.1.0.0
767b83901000-767b83903000 r--p 00000000 08:03 2916548                    /usr/lib/x86_64-linux-gnu/libXtst.so.6.1.0
767b83903000-767b83906000 r-xp 00002000 08:03 2916548                    /usr/lib/x86_64-linux-gnu/libXtst.so.6.1.0
767b83906000-767b83907000 r--p 00005000 08:03 2916548                    /usr/lib/x86_64-linux-gnu/libXtst.so.6.1.0
767b83907000-767b83908000 r--p 00005000 08:03 2916548                    /usr/lib/x86_64-linux-gnu/libXtst.so.6.1.0
767b83908000-767b83909000 rw-p 00006000 08:03 2916548                    /usr/lib/x86_64-linux-gnu/libXtst.so.6.1.0
767b83909000-767b83914000 r-xp 00000000 08:03 3055075                    /usr/lib/jvm/jdk-24.0.2-oracle-x64/lib/libnet.so
767b83914000-767b83915000 ---p 0000b000 08:03 3055075                    /usr/lib/jvm/jdk-24.0.2-oracle-x64/lib/libnet.so
767b83915000-767b83916000 r--p 0000b000 08:03 3055075                    /usr/lib/jvm/jdk-24.0.2-oracle-x64/lib/libnet.so
767b83916000-767b83917000 rw-p 0000c000 08:03 3055075                    /usr/lib/jvm/jdk-24.0.2-oracle-x64/lib/libnet.so
767b83917000-767b83927000 r--p 00000000 08:03 2887521                    /usr/lib/x86_64-linux-gnu/libm.so.6
767b83927000-767b839a6000 r-xp 00010000 08:03 2887521                    /usr/lib/x86_64-linux-gnu/libm.so.6
767b839a6000-767b839fe000 r--p 0008f000 08:03 2887521                    /usr/lib/x86_64-linux-gnu/libm.so.6
767b839fe000-767b839ff000 r--p 000e7000 08:03 2887521                    /usr/lib/x86_64-linux-gnu/libm.so.6
767b839ff000-767b83a00000 rw-p 000e8000 08:03 2887521                    /usr/lib/x86_64-linux-gnu/libm.so.6
767b83a00000-767b83a28000 r--p 00000000 08:03 2887518                    /usr/lib/x86_64-linux-gnu/libc.so.6
767b83a28000-767b83bb0000 r-xp 00028000 08:03 2887518                    /usr/lib/x86_64-linux-gnu/libc.so.6
767b83bb0000-767b83bff000 r--p 001b0000 08:03 2887518                    /usr/lib/x86_64-linux-gnu/libc.so.6
767b83bff000-767b83c03000 r--p 001fe000 08:03 2887518                    /usr/lib/x86_64-linux-gnu/libc.so.6
767b83c03000-767b83c05000 rw-p 00202000 08:03 2887518                    /usr/lib/x86_64-linux-gnu/libc.so.6
767b83c05000-767b83c12000 rw-p 00000000 00:00 0 
767b83c12000-767b83c14000 r--p 00000000 08:03 2916542                    /usr/lib/x86_64-linux-gnu/libXrender.so.1.3.0
767b83c14000-767b83c1b000 r-xp 00002000 08:03 2916542                    /usr/lib/x86_64-linux-gnu/libXrender.so.1.3.0
767b83c1b000-767b83c1c000 r--p 00009000 08:03 2916542                    /usr/lib/x86_64-linux-gnu/libXrender.so.1.3.0
767b83c1c000-767b83c1d000 r--p 00009000 08:03 2916542                    /usr/lib/x86_64-linux-gnu/libXrender.so.1.3.0
767b83c1d000-767b83c1e000 rw-p 0000a000 08:03 2916542                    /usr/lib/x86_64-linux-gnu/libXrender.so.1.3.0
767b83c1e000-767b83c31000 r-xp 00000000 08:03 3055076                    /usr/lib/jvm/jdk-24.0.2-oracle-x64/lib/libnio.so
767b83c31000-767b83c32000 ---p 00013000 08:03 3055076                    /usr/lib/jvm/jdk-24.0.2-oracle-x64/lib/libnio.so
767b83c32000-767b83c33000 r--p 00013000 08:03 3055076                    /usr/lib/jvm/jdk-24.0.2-oracle-x64/lib/libnio.so
767b83c33000-767b83c34000 rw-p 00014000 08:03 3055076                    /usr/lib/jvm/jdk-24.0.2-oracle-x64/lib/libnio.so
767b83c34000-767b83c52000 r-xp 00000000 08:03 3055064                    /usr/lib/jvm/jdk-24.0.2-oracle-x64/lib/libjimage.so
767b83c52000-767b83c54000 r--p 0001d000 08:03 3055064                    /usr/lib/jvm/jdk-24.0.2-oracle-x64/lib/libjimage.so
767b83c54000-767b83c55000 rw-p 0001f000 08:03 3055064                    /usr/lib/jvm/jdk-24.0.2-oracle-x64/lib/libjimage.so
767b83c55000-767b83c56000 r--p 00000000 08:03 2887557                    /usr/lib/x86_64-linux-gnu/librt.so.1
767b83c56000-767b83c57000 r-xp 00001000 08:03 2887557                    /usr/lib/x86_64-linux-gnu/librt.so.1
767b83c57000-767b83c58000 r--p 00002000 08:03 2887557                    /usr/lib/x86_64-linux-gnu/librt.so.1
767b83c58000-767b83c59000 r--p 00002000 08:03 2887557                    /usr/lib/x86_64-linux-gnu/librt.so.1
767b83c59000-767b83c5a000 rw-p 00003000 08:03 2887557                    /usr/lib/x86_64-linux-gnu/librt.so.1
767b83c5a000-767b83c5e000 rw-p 00000000 00:00 0 
767b83c5e000-767b83c5f000 r--p 00000000 08:03 2887555                    /usr/lib/x86_64-linux-gnu/libpthread.so.0
767b83c5f000-767b83c60000 r-xp 00001000 08:03 2887555                    /usr/lib/x86_64-linux-gnu/libpthread.so.0
767b83c60000-767b83c61000 r--p 00002000 08:03 2887555                    /usr/lib/x86_64-linux-gnu/libpthread.so.0
767b83c61000-767b83c62000 r--p 00002000 08:03 2887555                    /usr/lib/x86_64-linux-gnu/libpthread.so.0
767b83c62000-767b83c63000 rw-p 00003000 08:03 2887555                    /usr/lib/x86_64-linux-gnu/libpthread.so.0
767b83c63000-767b83c64000 r--p 00000000 08:03 2887520                    /usr/lib/x86_64-linux-gnu/libdl.so.2
767b83c64000-767b83c65000 r-xp 00001000 08:03 2887520                    /usr/lib/x86_64-linux-gnu/libdl.so.2
767b83c65000-767b83c66000 r--p 00002000 08:03 2887520                    /usr/lib/x86_64-linux-gnu/libdl.so.2
767b83c66000-767b83c67000 r--p 00002000 08:03 2887520                    /usr/lib/x86_64-linux-gnu/libdl.so.2
767b83c67000-767b83c68000 rw-p 00003000 08:03 2887520                    /usr/lib/x86_64-linux-gnu/libdl.so.2
767b83c68000-767b83c6a000 r--p 00000000 08:03 2918448                    /usr/lib/x86_64-linux-gnu/libz.so.1.3
767b83c6a000-767b83c7c000 r-xp 00002000 08:03 2918448                    /usr/lib/x86_64-linux-gnu/libz.so.1.3
767b83c7c000-767b83c82000 r--p 00014000 08:03 2918448                    /usr/lib/x86_64-linux-gnu/libz.so.1.3
767b83c82000-767b83c83000 r--p 0001a000 08:03 2918448                    /usr/lib/x86_64-linux-gnu/libz.so.1.3
767b83c83000-767b83c84000 rw-p 0001b000 08:03 2918448                    /usr/lib/x86_64-linux-gnu/libz.so.1.3
767b83c85000-767b83c8a000 rw-p 00000000 00:00 0 
767b83c8a000-767b83c91000 ---p 00000000 00:00 0 
767b83c91000-767b83c99000 rw-s 00000000 08:03 6291611                    /tmp/hsperfdata_gabs/137637
767b83c99000-767b83c9a000 ---p 00000000 00:00 0 
767b83c9a000-767b83c9b000 r--p 00000000 00:00 0 
767b83c9b000-767b83c9c000 ---p 00000000 00:00 0 
767b83c9c000-767b83caa000 r-xp 00000000 08:03 3055065                    /usr/lib/jvm/jdk-24.0.2-oracle-x64/lib/libjli.so
767b83caa000-767b83cab000 ---p 0000e000 08:03 3055065                    /usr/lib/jvm/jdk-24.0.2-oracle-x64/lib/libjli.so
767b83cab000-767b83cac000 r--p 0000e000 08:03 3055065                    /usr/lib/jvm/jdk-24.0.2-oracle-x64/lib/libjli.so
767b83cac000-767b83cad000 rw-p 0000f000 08:03 3055065                    /usr/lib/jvm/jdk-24.0.2-oracle-x64/lib/libjli.so
767b83cad000-767b83caf000 rw-p 00000000 00:00 0 
767b83caf000-767b83cb1000 r--p 00000000 00:00 0                          [vvar]
767b83cb1000-767b83cb3000 r--p 00000000 00:00 0                          [vvar_vclock]
767b83cb3000-767b83cb5000 r-xp 00000000 00:00 0                          [vdso]
767b83cb5000-767b83cb6000 r--p 00000000 08:03 2887515                    /usr/lib/x86_64-linux-gnu/ld-linux-x86-64.so.2
767b83cb6000-767b83ce1000 r-xp 00001000 08:03 2887515                    /usr/lib/x86_64-linux-gnu/ld-linux-x86-64.so.2
767b83ce1000-767b83ceb000 r--p 0002c000 08:03 2887515                    /usr/lib/x86_64-linux-gnu/ld-linux-x86-64.so.2
767b83ceb000-767b83ced000 r--p 00036000 08:03 2887515                    /usr/lib/x86_64-linux-gnu/ld-linux-x86-64.so.2
767b83ced000-767b83cef000 rw-p 00038000 08:03 2887515                    /usr/lib/x86_64-linux-gnu/ld-linux-x86-64.so.2
7ffc70cb7000-7ffc70cd8000 rw-p 00000000 00:00 0                          [stack]
ffffffffff600000-ffffffffff601000 --xp 00000000 00:00 0                  [vsyscall]
Total number of mappings: 332

JVMTI agents: none


VM Arguments:
jvm_args: -Dfile.encoding=UTF-8 -Dstdout.encoding=UTF-8 -Dstderr.encoding=UTF-8 -XX:+ShowCodeDetailsInExceptionMessages 
java_command: Main
java_class_path (initial): /home/gabs/Documentos/trabalho_ed/Trabalho-SemestralED/bin:/home/gabs/Documentos/trabalho_ed/Trabalho-SemestralED/lib/Biblioteca_genericFila.jar:/home/gabs/Documentos/trabalho_ed/Trabalho-SemestralED/lib/Biblioteca_genericListaEncadeadaSimples.jar:/home/gabs/Documentos/trabalho_ed/Trabalho-SemestralED/lib/Biblioteca_quickSort.jar:/home/gabs/Documentos/trabalho_ed/Trabalho-SemestralED/lib/PilhaGeneric.jar
Launcher Type: SUN_STANDARD

[Global flags]
     intx CICompilerCount                          = 3                                         {product} {ergonomic}
     uint ConcGCThreads                            = 1                                         {product} {ergonomic}
     uint G1ConcRefinementThreads                  = 4                                         {product} {ergonomic}
   size_t G1HeapRegionSize                         = 2097152                                   {product} {ergonomic}
   size_t InitialHeapSize                          = 197132288                                 {product} {ergonomic}
   size_t MarkStackSize                            = 4194304                                   {product} {ergonomic}
   size_t MarkStackSizeMax                         = 536870912                                 {product} {ergonomic}
   size_t MaxHeapSize                              = 3126853632                                {product} {ergonomic}
   size_t MaxNewSize                               = 1874853888                                {product} {ergonomic}
   size_t MinHeapDeltaBytes                        = 2097152                                   {product} {ergonomic}
   size_t MinHeapSize                              = 8388608                                   {product} {ergonomic}
    uintx NonNMethodCodeHeapSize                   = 5832704                                {pd product} {ergonomic}
    uintx NonProfiledCodeHeapSize                  = 122916864                              {pd product} {ergonomic}
    uintx ProfiledCodeHeapSize                     = 122908672                              {pd product} {ergonomic}
    uintx ReservedCodeCacheSize                    = 251658240                              {pd product} {ergonomic}
     bool SegmentedCodeCache                       = true                                      {product} {ergonomic}
     bool ShowCodeDetailsInExceptionMessages       = true                                   {manageable} {command line}
   size_t SoftMaxHeapSize                          = 3126853632                             {manageable} {ergonomic}
     bool UseCompressedOops                        = true                           {product lp64_product} {ergonomic}
     bool UseG1GC                                  = true                                      {product} {ergonomic}

Logging:
Log output configuration:
 #0: stdout all=warning uptime,level,tags foldmultilines=false
 #1: stderr all=off uptime,level,tags foldmultilines=false

Environment Variables:
PATH=/usr/local/sbin:/usr/local/bin:/usr/sbin:/usr/bin:/sbin:/bin:/usr/games:/usr/local/games:/snap/bin
SHELL=/bin/bash
DISPLAY=:0
LANG=pt_BR.UTF-8

Active Locale:
LC_ALL=pt_BR.UTF-8
LC_COLLATE=pt_BR.UTF-8
LC_CTYPE=pt_BR.UTF-8
LC_MESSAGES=pt_BR.UTF-8
LC_MONETARY=pt_BR.UTF-8
LC_NUMERIC=pt_BR.UTF-8
LC_TIME=pt_BR.UTF-8

Signal Handlers:
   SIGSEGV: crash_handler in libjvm.so, mask=11100100010111111101111111111110, flags=SA_RESTART|SA_SIGINFO, unblocked
    SIGBUS: crash_handler in libjvm.so, mask=11100100010111111101111111111110, flags=SA_RESTART|SA_SIGINFO, unblocked
    SIGFPE: crash_handler in libjvm.so, mask=11100100010111111101111111111110, flags=SA_RESTART|SA_SIGINFO, unblocked
   SIGPIPE: javaSignalHandler in libjvm.so, mask=11100100010111111101111111111110, flags=SA_RESTART|SA_SIGINFO, blocked
   SIGXFSZ: javaSignalHandler in libjvm.so, mask=11100100010111111101111111111110, flags=SA_RESTART|SA_SIGINFO, blocked
    SIGILL: crash_handler in libjvm.so, mask=11100100010111111101111111111110, flags=SA_RESTART|SA_SIGINFO, unblocked
   SIGUSR2: SR_handler in libjvm.so, mask=00000000000000000000000000000000, flags=SA_RESTART|SA_SIGINFO, blocked
    SIGHUP: UserHandler in libjvm.so, mask=11100100010111111101111111111110, flags=SA_RESTART|SA_SIGINFO, blocked
    SIGINT: UserHandler in libjvm.so, mask=11100100010111111101111111111110, flags=SA_RESTART|SA_SIGINFO, blocked
   SIGTERM: UserHandler in libjvm.so, mask=11100100010111111101111111111110, flags=SA_RESTART|SA_SIGINFO, blocked
   SIGQUIT: UserHandler in libjvm.so, mask=11100100010111111101111111111110, flags=SA_RESTART|SA_SIGINFO, blocked
   SIGTRAP: crash_handler in libjvm.so, mask=11100100010111111101111111111110, flags=SA_RESTART|SA_SIGINFO, unblocked


Periodic native trim disabled

---------------  S Y S T E M  ---------------

OS:
DISTRIB_ID=LinuxMint
DISTRIB_RELEASE=22.2
DISTRIB_CODENAME=zara
DISTRIB_DESCRIPTION="Linux Mint 22.2 Zara"
uname: Linux 6.14.0-35-generic #35~24.04.1-Ubuntu SMP PREEMPT_DYNAMIC Tue Oct 14 13:55:17 UTC 2 x86_64
OS uptime: 1 days 20:01 hours
libc: glibc 2.39 NPTL 2.39 
rlimit (soft/hard): STACK 8192k/infinity , CORE 0k/infinity , NPROC 47355/47355 , NOFILE 1048576/1048576 , AS infinity/infinity , CPU infinity/infinity , DATA infinity/infinity , FSIZE infinity/infinity , MEMLOCK 1526720k/1526720k
load average: 1,59 1,48 1,10

/proc/meminfo:
MemTotal:       12213772 kB
MemFree:          668424 kB
MemAvailable:    6365068 kB
Buffers:         1087000 kB
Cached:          3697564 kB
SwapCached:        55400 kB
Active:          5090684 kB
Inactive:        4501300 kB
Active(anon):    4431792 kB
Inactive(anon):   481396 kB
Active(file):     658892 kB
Inactive(file):  4019904 kB
Unevictable:         360 kB
Mlocked:             360 kB
SwapTotal:       2097148 kB
SwapFree:        1470028 kB
Zswap:                 0 kB
Zswapped:              0 kB
Dirty:             22004 kB
Writeback:             0 kB
AnonPages:       4773168 kB
Mapped:          1005040 kB
Shmem:            105788 kB
KReclaimable:    1337340 kB
Slab:            1597104 kB
SReclaimable:    1337340 kB
SUnreclaim:       259764 kB
KernelStack:       21488 kB
PageTables:        73072 kB
SecPageTables:         0 kB
NFS_Unstable:          0 kB
Bounce:                0 kB
WritebackTmp:          0 kB
CommitLimit:     8204032 kB
Committed_AS:   24786692 kB
VmallocTotal:   34359738367 kB
VmallocUsed:       64420 kB
VmallocChunk:          0 kB
Percpu:             2896 kB
HardwareCorrupted:     0 kB
AnonHugePages:         0 kB
ShmemHugePages:        0 kB
ShmemPmdMapped:        0 kB
FileHugePages:         0 kB
FilePmdMapped:         0 kB
Unaccepted:            0 kB
HugePages_Total:       0
HugePages_Free:        0
HugePages_Rsvd:        0
HugePages_Surp:        0
Hugepagesize:       2048 kB
Hugetlb:               0 kB
DirectMap4k:      986724 kB
DirectMap2M:    11560960 kB

/sys/kernel/mm/transparent_hugepage/enabled: always [madvise] never
/sys/kernel/mm/transparent_hugepage/hpage_pmd_size: 2097152
/sys/kernel/mm/transparent_hugepage/shmem_enabled: always within_size advise [never] deny force
/sys/kernel/mm/transparent_hugepage/defrag (defrag/compaction efforts parameter): always defer defer+madvise [madvise] never

Process Memory:
Virtual Size: 6180056K (peak: 6180056K)
Resident Set Size: 85268K (peak: 85268K) (anon: 57088K, file: 28180K, shmem: 0K)
Swapped out: 0K
C-Heap outstanding allocations: 23333K, retained: 6202K
glibc malloc tunables: (default)

/proc/sys/kernel/threads-max (system-wide limit on the number of threads): 94710
/proc/sys/vm/max_map_count (maximum number of memory map areas a process may have): 1048576
/proc/sys/vm/swappiness (control to define how aggressively the kernel swaps out anonymous memory): 60
/proc/sys/kernel/pid_max (system-wide limit on number of process identifiers): 4194304

container information not found.
Steal ticks since vm start: 0
Steal ticks percentage since vm start:  0,000

CPU: total 4 (initial active 4) (2 cores per cpu, 2 threads per core) family 6 model 58 stepping 9 microcode 0x21, cx8, cmov, fxsr, ht, mmx, sse, sse2, sse3, ssse3, sse4.1, sse4.2, popcnt, tsc, tscinvbit, avx, erms, clmul, vzeroupper, clflush, rdtscp, f16c
CPU Model and flags from /proc/cpuinfo:
model name	: Intel(R) Core(TM) i3-3220 CPU @ 3.30GHz
flags		: fpu vme de pse tsc msr pae mce cx8 apic sep mtrr pge mca cmov pat pse36 clflush dts acpi mmx fxsr sse sse2 ss ht tm pbe syscall nx rdtscp lm constant_tsc arch_perfmon pebs bts rep_good nopl xtopology nonstop_tsc cpuid aperfmperf pni pclmulqdq dtes64 monitor ds_cpl vmx est tm2 ssse3 cx16 xtpr pdcm pcid sse4_1 sse4_2 popcnt tsc_deadline_timer xsave avx f16c lahf_lm cpuid_fault epb pti ssbd ibrs ibpb stibp tpr_shadow flexpriority ept vpid fsgsbase smep erms xsaveopt dtherm arat pln pts vnmi md_clear flush_l1d

Online cpus: 0-3
Offline cpus: 
BIOS frequency limitation: <Not Available>
Frequency switch latency (ns): 20000
Available cpu frequencies: <Not Available>
Current governor: schedutil
Core performance/turbo boost: <Not Available>

Memory: 4k page, physical 12213772k(6365068k free), swap 2097148k(1470028k free)
Page Sizes: 4k

vm_info: Java HotSpot(TM) 64-Bit Server VM (24.0.2+12-54) for linux-amd64 JRE (24.0.2+12-54), built on 2025-07-08T12:10:27Z with gcc 13.2.0

END.
